<?xml version="1.0" encoding="UTF-8"?>
<coverage generated="1777473211056" clover="3.2.0">
  <project timestamp="1777473211056" name="All files">
    <metrics statements="765" coveredstatements="764" conditionals="780" coveredconditionals="715" methods="217" coveredmethods="215" elements="1762" coveredelements="1694" complexity="0" loc="765" ncloc="765" packages="51" files="97" classes="97"/>
    <package name="components.BarChart">
      <metrics statements="42" coveredstatements="42" conditionals="22" coveredconditionals="20" methods="11" coveredmethods="11"/>
      <file name="BarChart.module.css" path="/Users/asegura/Labs/design-system/src/components/BarChart/BarChart.module.css">
        <metrics statements="0" coveredstatements="0" conditionals="0" coveredconditionals="0" methods="0" coveredmethods="0"/>
      </file>
      <file name="BarChart.tsx" path="/Users/asegura/Labs/design-system/src/components/BarChart/BarChart.tsx">
        <metrics statements="42" coveredstatements="42" conditionals="22" coveredconditionals="20" methods="11" coveredmethods="11"/>
        <line num="22" count="1" type="stmt"/>
        <line num="23" count="1" type="stmt"/>
        <line num="24" count="1" type="stmt"/>
        <line num="25" count="1" type="stmt"/>
        <line num="26" count="1" type="stmt"/>
        <line num="27" count="1" type="stmt"/>
        <line num="28" count="1" type="stmt"/>
        <line num="31" count="79" type="cond" truecount="2" falsecount="0"/>
        <line num="32" count="75" type="cond" truecount="2" falsecount="0"/>
        <line num="33" count="74" type="stmt"/>
        <line num="37" count="35" type="cond" truecount="2" falsecount="0"/>
        <line num="40" count="1" type="stmt"/>
        <line num="42" count="12" type="stmt"/>
        <line num="43" count="12" type="cond" truecount="2" falsecount="0"/>
        <line num="45" count="12" type="cond" truecount="2" falsecount="0"/>
        <line num="46" count="2" type="stmt"/>
        <line num="53" count="23" type="stmt"/>
        <line num="54" count="10" type="stmt"/>
        <line num="55" count="10" type="stmt"/>
        <line num="57" count="10" type="stmt"/>
        <line num="58" count="29" type="stmt"/>
        <line num="62" count="10" type="stmt"/>
        <line num="63" count="10" type="stmt"/>
        <line num="68" count="12" type="stmt"/>
        <line num="83" count="50" type="stmt"/>
        <line num="84" count="50" type="stmt"/>
        <line num="85" count="50" type="stmt"/>
        <line num="86" count="50" type="stmt"/>
        <line num="111" count="23" type="stmt"/>
        <line num="112" count="23" type="stmt"/>
        <line num="113" count="23" type="stmt"/>
        <line num="114" count="23" type="stmt"/>
        <line num="116" count="23" type="stmt"/>
        <line num="119" count="29" type="stmt"/>
        <line num="120" count="29" type="cond" truecount="1" falsecount="1"/>
        <line num="121" count="29" type="cond" truecount="1" falsecount="1"/>
        <line num="122" count="29" type="stmt"/>
        <line num="123" count="29" type="stmt"/>
        <line num="124" count="29" type="stmt"/>
        <line num="125" count="29" type="stmt"/>
        <line num="166" count="6" type="stmt"/>
        <line num="182" count="1" type="stmt"/>
      </file>
    </package>
    <package name="components.Breadcrumb">
      <metrics statements="5" coveredstatements="5" conditionals="7" coveredconditionals="7" methods="2" coveredmethods="2"/>
      <file name="Breadcrumb.module.css" path="/Users/asegura/Labs/design-system/src/components/Breadcrumb/Breadcrumb.module.css">
        <metrics statements="0" coveredstatements="0" conditionals="0" coveredconditionals="0" methods="0" coveredmethods="0"/>
      </file>
      <file name="Breadcrumb.tsx" path="/Users/asegura/Labs/design-system/src/components/Breadcrumb/Breadcrumb.tsx">
        <metrics statements="5" coveredstatements="5" conditionals="7" coveredconditionals="7" methods="2" coveredmethods="2"/>
        <line num="15" count="1" type="stmt"/>
        <line num="17" count="13" type="stmt"/>
        <line num="24" count="36" type="stmt"/>
        <line num="25" count="36" type="stmt"/>
        <line num="46" count="1" type="stmt"/>
      </file>
    </package>
    <package name="components.CheckboxField">
      <metrics statements="4" coveredstatements="4" conditionals="10" coveredconditionals="10" methods="1" coveredmethods="1"/>
      <file name="CheckboxField.module.css" path="/Users/asegura/Labs/design-system/src/components/CheckboxField/CheckboxField.module.css">
        <metrics statements="0" coveredstatements="0" conditionals="0" coveredconditionals="0" methods="0" coveredmethods="0"/>
      </file>
      <file name="CheckboxField.tsx" path="/Users/asegura/Labs/design-system/src/components/CheckboxField/CheckboxField.tsx">
        <metrics statements="4" coveredstatements="4" conditionals="10" coveredconditionals="10" methods="1" coveredmethods="1"/>
        <line num="26" count="1" type="stmt"/>
        <line num="40" count="10" type="stmt"/>
        <line num="42" count="10" type="stmt"/>
        <line num="72" count="1" type="stmt"/>
      </file>
    </package>
    <package name="components.DataTable">
      <metrics statements="38" coveredstatements="37" conditionals="60" coveredconditionals="46" methods="12" coveredmethods="11"/>
      <file name="DataTable.module.css" path="/Users/asegura/Labs/design-system/src/components/DataTable/DataTable.module.css">
        <metrics statements="0" coveredstatements="0" conditionals="0" coveredconditionals="0" methods="0" coveredmethods="0"/>
      </file>
      <file name="DataTable.tsx" path="/Users/asegura/Labs/design-system/src/components/DataTable/DataTable.tsx">
        <metrics statements="38" coveredstatements="37" conditionals="60" coveredconditionals="46" methods="12" coveredmethods="11"/>
        <line num="32" count="1" type="stmt"/>
        <line num="38" count="1" type="stmt"/>
        <line num="39" count="4" type="stmt"/>
        <line num="44" count="1" type="stmt"/>
        <line num="45" count="0" type="stmt"/>
        <line num="50" count="1" type="stmt"/>
        <line num="51" count="28" type="stmt"/>
        <line num="57" count="1" type="stmt"/>
        <line num="75" count="18" type="stmt"/>
        <line num="76" count="18" type="stmt"/>
        <line num="77" count="18" type="stmt"/>
        <line num="78" count="18" type="stmt"/>
        <line num="80" count="18" type="cond" truecount="2" falsecount="0"/>
        <line num="81" count="18" type="cond" truecount="2" falsecount="0"/>
        <line num="83" count="18" type="stmt"/>
        <line num="85" count="4" type="cond" truecount="2" falsecount="2"/>
        <line num="87" count="4" type="cond" truecount="1" falsecount="1"/>
        <line num="88" count="4" type="stmt"/>
        <line num="89" count="4" type="stmt"/>
        <line num="91" count="4" type="stmt"/>
        <line num="93" count="4" type="stmt"/>
        <line num="94" count="4" type="cond" truecount="1" falsecount="1"/>
        <line num="95" count="4" type="stmt"/>
        <line num="102" count="18" type="cond" truecount="4" falsecount="0"/>
        <line num="105" count="8" type="stmt"/>
        <line num="106" count="8" type="stmt"/>
        <line num="108" count="8" type="cond" truecount="2" falsecount="2"/>
        <line num="111" count="8" type="cond" truecount="1" falsecount="1"/>
        <line num="114" count="18" type="stmt"/>
        <line num="115" count="51" type="cond" truecount="2" falsecount="0"/>
        <line num="116" count="32" type="cond" truecount="2" falsecount="0"/>
        <line num="117" count="4" type="cond" truecount="1" falsecount="1"/>
        <line num="120" count="18" type="stmt"/>
        <line num="141" count="51" type="stmt"/>
        <line num="158" count="4" type="stmt"/>
        <line num="192" count="46" type="cond" truecount="1" falsecount="1"/>
        <line num="194" count="133" type="stmt"/>
        <line num="214" count="1" type="stmt"/>
      </file>
    </package>
    <package name="components.DateField">
      <metrics statements="4" coveredstatements="4" conditionals="9" coveredconditionals="9" methods="1" coveredmethods="1"/>
      <file name="DateField.module.css" path="/Users/asegura/Labs/design-system/src/components/DateField/DateField.module.css">
        <metrics statements="0" coveredstatements="0" conditionals="0" coveredconditionals="0" methods="0" coveredmethods="0"/>
      </file>
      <file name="DateField.tsx" path="/Users/asegura/Labs/design-system/src/components/DateField/DateField.tsx">
        <metrics statements="4" coveredstatements="4" conditionals="9" coveredconditionals="9" methods="1" coveredmethods="1"/>
        <line num="28" count="1" type="stmt"/>
        <line num="44" count="16" type="stmt"/>
        <line num="46" count="16" type="stmt"/>
        <line num="77" count="1" type="stmt"/>
      </file>
    </package>
    <package name="components.DonutChart">
      <metrics statements="19" coveredstatements="19" conditionals="18" coveredconditionals="18" methods="4" coveredmethods="4"/>
      <file name="DonutChart.module.css" path="/Users/asegura/Labs/design-system/src/components/DonutChart/DonutChart.module.css">
        <metrics statements="0" coveredstatements="0" conditionals="0" coveredconditionals="0" methods="0" coveredmethods="0"/>
      </file>
      <file name="DonutChart.tsx" path="/Users/asegura/Labs/design-system/src/components/DonutChart/DonutChart.tsx">
        <metrics statements="19" coveredstatements="19" conditionals="18" coveredconditionals="18" methods="4" coveredmethods="4"/>
        <line num="18" count="1" type="stmt"/>
        <line num="27" count="1" type="stmt"/>
        <line num="28" count="1" type="stmt"/>
        <line num="29" count="1" type="stmt"/>
        <line num="30" count="1" type="stmt"/>
        <line num="31" count="1" type="stmt"/>
        <line num="33" count="1" type="stmt"/>
        <line num="35" count="8" type="stmt"/>
        <line num="37" count="21" type="stmt"/>
        <line num="39" count="8" type="cond" truecount="4" falsecount="0"/>
        <line num="40" count="1" type="stmt"/>
        <line num="47" count="7" type="stmt"/>
        <line num="49" count="7" type="stmt"/>
        <line num="72" count="21" type="stmt"/>
        <line num="73" count="21" type="stmt"/>
        <line num="74" count="21" type="stmt"/>
        <line num="76" count="21" type="stmt"/>
        <line num="110" count="21" type="stmt"/>
        <line num="128" count="1" type="stmt"/>
      </file>
    </package>
    <package name="components.EmailField">
      <metrics statements="4" coveredstatements="4" conditionals="9" coveredconditionals="9" methods="1" coveredmethods="1"/>
      <file name="EmailField.module.css" path="/Users/asegura/Labs/design-system/src/components/EmailField/EmailField.module.css">
        <metrics statements="0" coveredstatements="0" conditionals="0" coveredconditionals="0" methods="0" coveredmethods="0"/>
      </file>
      <file name="EmailField.tsx" path="/Users/asegura/Labs/design-system/src/components/EmailField/EmailField.tsx">
        <metrics statements="4" coveredstatements="4" conditionals="9" coveredconditionals="9" methods="1" coveredmethods="1"/>
        <line num="24" count="1" type="stmt"/>
        <line num="29" count="15" type="stmt"/>
        <line num="31" count="15" type="stmt"/>
        <line num="59" count="1" type="stmt"/>
      </file>
    </package>
    <package name="components.LineChart">
      <metrics statements="37" coveredstatements="37" conditionals="25" coveredconditionals="24" methods="15" coveredmethods="15"/>
      <file name="LineChart.module.css" path="/Users/asegura/Labs/design-system/src/components/LineChart/LineChart.module.css">
        <metrics statements="0" coveredstatements="0" conditionals="0" coveredconditionals="0" methods="0" coveredmethods="0"/>
      </file>
      <file name="LineChart.tsx" path="/Users/asegura/Labs/design-system/src/components/LineChart/LineChart.tsx">
        <metrics statements="37" coveredstatements="37" conditionals="25" coveredconditionals="24" methods="15" coveredmethods="15"/>
        <line num="25" count="1" type="stmt"/>
        <line num="26" count="1" type="stmt"/>
        <line num="27" count="1" type="stmt"/>
        <line num="28" count="1" type="stmt"/>
        <line num="29" count="1" type="stmt"/>
        <line num="30" count="1" type="stmt"/>
        <line num="33" count="65" type="cond" truecount="2" falsecount="0"/>
        <line num="34" count="61" type="cond" truecount="2" falsecount="0"/>
        <line num="35" count="46" type="stmt"/>
        <line num="39" count="25" type="cond" truecount="2" falsecount="0"/>
        <line num="42" count="1" type="stmt"/>
        <line num="44" count="14" type="stmt"/>
        <line num="45" count="14" type="cond" truecount="2" falsecount="0"/>
        <line num="47" count="14" type="cond" truecount="2" falsecount="0"/>
        <line num="48" count="1" type="stmt"/>
        <line num="55" count="48" type="stmt"/>
        <line num="56" count="13" type="stmt"/>
        <line num="57" count="36" type="stmt"/>
        <line num="58" count="13" type="stmt"/>
        <line num="60" count="13" type="stmt"/>
        <line num="61" count="166" type="cond" truecount="2" falsecount="0"/>
        <line num="62" count="13" type="stmt"/>
        <line num="63" count="96" type="cond" truecount="1" falsecount="1"/>
        <line num="65" count="13" type="stmt"/>
        <line num="80" count="65" type="stmt"/>
        <line num="81" count="65" type="stmt"/>
        <line num="82" count="65" type="stmt"/>
        <line num="83" count="65" type="stmt"/>
        <line num="108" count="17" type="stmt"/>
        <line num="109" count="17" type="cond" truecount="2" falsecount="0"/>
        <line num="110" count="48" type="stmt"/>
        <line num="112" count="17" type="stmt"/>
        <line num="114" count="17" type="stmt"/>
        <line num="128" count="48" type="stmt"/>
        <line num="138" count="36" type="stmt"/>
        <line num="163" count="8" type="stmt"/>
        <line num="179" count="1" type="stmt"/>
      </file>
    </package>
    <package name="components.Navbar">
      <metrics statements="22" coveredstatements="22" conditionals="32" coveredconditionals="29" methods="8" coveredmethods="8"/>
      <file name="Navbar.module.css" path="/Users/asegura/Labs/design-system/src/components/Navbar/Navbar.module.css">
        <metrics statements="0" coveredstatements="0" conditionals="0" coveredconditionals="0" methods="0" coveredmethods="0"/>
      </file>
      <file name="Navbar.tsx" path="/Users/asegura/Labs/design-system/src/components/Navbar/Navbar.tsx">
        <metrics statements="22" coveredstatements="22" conditionals="32" coveredconditionals="29" methods="8" coveredmethods="8"/>
        <line num="24" count="1" type="stmt"/>
        <line num="25" count="9" type="stmt"/>
        <line num="34" count="1" type="stmt"/>
        <line num="35" count="6" type="stmt"/>
        <line num="40" count="1" type="stmt"/>
        <line num="55" count="15" type="stmt"/>
        <line num="56" count="15" type="cond" truecount="2" falsecount="0"/>
        <line num="57" count="15" type="stmt"/>
        <line num="59" count="15" type="stmt"/>
        <line num="60" count="2" type="stmt"/>
        <line num="61" count="2" type="cond" truecount="1" falsecount="1"/>
        <line num="62" count="2" type="stmt"/>
        <line num="65" count="15" type="stmt"/>
        <line num="66" count="2" type="cond" truecount="1" falsecount="1"/>
        <line num="67" count="2" type="stmt"/>
        <line num="70" count="15" type="cond" truecount="3" falsecount="1"/>
        <line num="74" count="15" type="stmt"/>
        <line num="82" count="41" type="stmt"/>
        <line num="124" count="41" type="stmt"/>
        <line num="128" count="2" type="stmt"/>
        <line num="129" count="2" type="stmt"/>
        <line num="151" count="1" type="stmt"/>
      </file>
    </package>
    <package name="components.NumberField">
      <metrics statements="4" coveredstatements="4" conditionals="9" coveredconditionals="9" methods="1" coveredmethods="1"/>
      <file name="NumberField.module.css" path="/Users/asegura/Labs/design-system/src/components/NumberField/NumberField.module.css">
        <metrics statements="0" coveredstatements="0" conditionals="0" coveredconditionals="0" methods="0" coveredmethods="0"/>
      </file>
      <file name="NumberField.tsx" path="/Users/asegura/Labs/design-system/src/components/NumberField/NumberField.tsx">
        <metrics statements="4" coveredstatements="4" conditionals="9" coveredconditionals="9" methods="1" coveredmethods="1"/>
        <line num="27" count="1" type="stmt"/>
        <line num="45" count="17" type="stmt"/>
        <line num="47" count="17" type="stmt"/>
        <line num="80" count="1" type="stmt"/>
      </file>
    </package>
    <package name="components.PasswordField">
      <metrics statements="4" coveredstatements="4" conditionals="9" coveredconditionals="9" methods="1" coveredmethods="1"/>
      <file name="PasswordField.module.css" path="/Users/asegura/Labs/design-system/src/components/PasswordField/PasswordField.module.css">
        <metrics statements="0" coveredstatements="0" conditionals="0" coveredconditionals="0" methods="0" coveredmethods="0"/>
      </file>
      <file name="PasswordField.tsx" path="/Users/asegura/Labs/design-system/src/components/PasswordField/PasswordField.tsx">
        <metrics statements="4" coveredstatements="4" conditionals="9" coveredconditionals="9" methods="1" coveredmethods="1"/>
        <line num="28" count="1" type="stmt"/>
        <line num="45" count="18" type="stmt"/>
        <line num="47" count="18" type="stmt"/>
        <line num="77" count="1" type="stmt"/>
      </file>
    </package>
    <package name="components.PhoneField">
      <metrics statements="4" coveredstatements="4" conditionals="9" coveredconditionals="9" methods="1" coveredmethods="1"/>
      <file name="PhoneField.module.css" path="/Users/asegura/Labs/design-system/src/components/PhoneField/PhoneField.module.css">
        <metrics statements="0" coveredstatements="0" conditionals="0" coveredconditionals="0" methods="0" coveredmethods="0"/>
      </file>
      <file name="PhoneField.tsx" path="/Users/asegura/Labs/design-system/src/components/PhoneField/PhoneField.tsx">
        <metrics statements="4" coveredstatements="4" conditionals="9" coveredconditionals="9" methods="1" coveredmethods="1"/>
        <line num="24" count="1" type="stmt"/>
        <line num="29" count="13" type="stmt"/>
        <line num="31" count="13" type="stmt"/>
        <line num="59" count="1" type="stmt"/>
      </file>
    </package>
    <package name="components.RadarChart">
      <metrics statements="41" coveredstatements="41" conditionals="18" coveredconditionals="17" methods="13" coveredmethods="13"/>
      <file name="RadarChart.module.css" path="/Users/asegura/Labs/design-system/src/components/RadarChart/RadarChart.module.css">
        <metrics statements="0" coveredstatements="0" conditionals="0" coveredconditionals="0" methods="0" coveredmethods="0"/>
      </file>
      <file name="RadarChart.tsx" path="/Users/asegura/Labs/design-system/src/components/RadarChart/RadarChart.tsx">
        <metrics statements="41" coveredstatements="41" conditionals="18" coveredconditionals="17" methods="13" coveredmethods="13"/>
        <line num="20" count="1" type="stmt"/>
        <line num="21" count="1" type="stmt"/>
        <line num="22" count="1" type="stmt"/>
        <line num="23" count="1" type="stmt"/>
        <line num="24" count="1" type="stmt"/>
        <line num="25" count="1" type="stmt"/>
        <line num="28" count="24" type="cond" truecount="2" falsecount="0"/>
        <line num="33" count="330" type="stmt"/>
        <line num="37" count="330" type="stmt"/>
        <line num="41" count="12" type="stmt"/>
        <line num="43" count="60" type="cond" truecount="1" falsecount="1"/>
        <line num="44" count="60" type="stmt"/>
        <line num="45" count="60" type="stmt"/>
        <line num="50" count="1" type="stmt"/>
        <line num="52" count="11" type="stmt"/>
        <line num="53" count="11" type="cond" truecount="2" falsecount="0"/>
        <line num="55" count="11" type="cond" truecount="2" falsecount="0"/>
        <line num="56" count="2" type="stmt"/>
        <line num="63" count="9" type="stmt"/>
        <line num="64" count="12" type="stmt"/>
        <line num="65" count="9" type="cond" truecount="2" falsecount="0"/>
        <line num="67" count="11" type="stmt"/>
        <line num="82" count="36" type="stmt"/>
        <line num="83" count="36" type="stmt"/>
        <line num="84" count="180" type="stmt"/>
        <line num="85" count="180" type="stmt"/>
        <line num="87" count="36" type="stmt"/>
        <line num="98" count="45" type="stmt"/>
        <line num="99" count="45" type="stmt"/>
        <line num="113" count="12" type="stmt"/>
        <line num="114" count="12" type="stmt"/>
        <line num="115" count="12" type="stmt"/>
        <line num="131" count="45" type="stmt"/>
        <line num="132" count="45" type="stmt"/>
        <line num="133" count="45" type="stmt"/>
        <line num="135" count="45" type="stmt"/>
        <line num="136" count="45" type="cond" truecount="2" falsecount="0"/>
        <line num="137" count="27" type="cond" truecount="2" falsecount="0"/>
        <line num="139" count="45" type="stmt"/>
        <line num="156" count="12" type="stmt"/>
        <line num="171" count="1" type="stmt"/>
      </file>
    </package>
    <package name="components.RadioGroup">
      <metrics statements="7" coveredstatements="7" conditionals="28" coveredconditionals="26" methods="3" coveredmethods="3"/>
      <file name="RadioGroup.module.css" path="/Users/asegura/Labs/design-system/src/components/RadioGroup/RadioGroup.module.css">
        <metrics statements="0" coveredstatements="0" conditionals="0" coveredconditionals="0" methods="0" coveredmethods="0"/>
      </file>
      <file name="RadioGroup.tsx" path="/Users/asegura/Labs/design-system/src/components/RadioGroup/RadioGroup.tsx">
        <metrics statements="7" coveredstatements="7" conditionals="28" coveredconditionals="26" methods="3" coveredmethods="3"/>
        <line num="47" count="18" type="stmt"/>
        <line num="49" count="18" type="stmt"/>
        <line num="65" count="53" type="stmt"/>
        <line num="66" count="53" type="cond" truecount="2" falsecount="0"/>
        <line num="68" count="53" type="stmt"/>
        <line num="80" count="1" type="cond" truecount="2" falsecount="0"/>
        <line num="110" count="1" type="stmt"/>
      </file>
    </package>
    <package name="components.ScatterPlot">
      <metrics statements="44" coveredstatements="44" conditionals="28" coveredconditionals="26" methods="15" coveredmethods="15"/>
      <file name="ScatterPlot.module.css" path="/Users/asegura/Labs/design-system/src/components/ScatterPlot/ScatterPlot.module.css">
        <metrics statements="0" coveredstatements="0" conditionals="0" coveredconditionals="0" methods="0" coveredmethods="0"/>
      </file>
      <file name="ScatterPlot.tsx" path="/Users/asegura/Labs/design-system/src/components/ScatterPlot/ScatterPlot.tsx">
        <metrics statements="44" coveredstatements="44" conditionals="28" coveredconditionals="26" methods="15" coveredmethods="15"/>
        <line num="25" count="1" type="stmt"/>
        <line num="26" count="1" type="stmt"/>
        <line num="27" count="1" type="stmt"/>
        <line num="28" count="1" type="stmt"/>
        <line num="29" count="1" type="stmt"/>
        <line num="30" count="1" type="stmt"/>
        <line num="31" count="1" type="stmt"/>
        <line num="34" count="90" type="cond" truecount="1" falsecount="1"/>
        <line num="35" count="90" type="cond" truecount="1" falsecount="1"/>
        <line num="36" count="90" type="cond" truecount="2" falsecount="0"/>
        <line num="40" count="18" type="cond" truecount="2" falsecount="0"/>
        <line num="43" count="1" type="stmt"/>
        <line num="45" count="10" type="stmt"/>
        <line num="46" count="10" type="cond" truecount="2" falsecount="0"/>
        <line num="48" count="10" type="cond" truecount="2" falsecount="0"/>
        <line num="49" count="1" type="stmt"/>
        <line num="56" count="28" type="stmt"/>
        <line num="57" count="28" type="stmt"/>
        <line num="58" count="9" type="stmt"/>
        <line num="59" count="9" type="stmt"/>
        <line num="60" count="9" type="stmt"/>
        <line num="61" count="9" type="stmt"/>
        <line num="63" count="9" type="cond" truecount="2" falsecount="0"/>
        <line num="64" count="10" type="cond" truecount="2" falsecount="0"/>
        <line num="65" count="10" type="stmt"/>
        <line num="66" count="10" type="stmt"/>
        <line num="67" count="10" type="stmt"/>
        <line num="68" count="10" type="stmt"/>
        <line num="70" count="28" type="stmt"/>
        <line num="71" count="28" type="stmt"/>
        <line num="73" count="10" type="stmt"/>
        <line num="88" count="45" type="stmt"/>
        <line num="89" count="45" type="stmt"/>
        <line num="90" count="45" type="stmt"/>
        <line num="91" count="45" type="stmt"/>
        <line num="116" count="45" type="stmt"/>
        <line num="117" count="45" type="stmt"/>
        <line num="118" count="45" type="stmt"/>
        <line num="119" count="45" type="stmt"/>
        <line num="143" count="12" type="stmt"/>
        <line num="144" count="12" type="stmt"/>
        <line num="147" count="28" type="stmt"/>
        <line num="214" count="6" type="stmt"/>
        <line num="230" count="1" type="stmt"/>
      </file>
    </package>
    <package name="components.SearchField">
      <metrics statements="4" coveredstatements="4" conditionals="9" coveredconditionals="9" methods="1" coveredmethods="1"/>
      <file name="SearchField.module.css" path="/Users/asegura/Labs/design-system/src/components/SearchField/SearchField.module.css">
        <metrics statements="0" coveredstatements="0" conditionals="0" coveredconditionals="0" methods="0" coveredmethods="0"/>
      </file>
      <file name="SearchField.tsx" path="/Users/asegura/Labs/design-system/src/components/SearchField/SearchField.tsx">
        <metrics statements="4" coveredstatements="4" conditionals="9" coveredconditionals="9" methods="1" coveredmethods="1"/>
        <line num="24" count="1" type="stmt"/>
        <line num="29" count="13" type="stmt"/>
        <line num="31" count="13" type="stmt"/>
        <line num="59" count="1" type="stmt"/>
      </file>
    </package>
    <package name="components.SelectField">
      <metrics statements="5" coveredstatements="5" conditionals="13" coveredconditionals="12" methods="2" coveredmethods="2"/>
      <file name="SelectField.module.css" path="/Users/asegura/Labs/design-system/src/components/SelectField/SelectField.module.css">
        <metrics statements="0" coveredstatements="0" conditionals="0" coveredconditionals="0" methods="0" coveredmethods="0"/>
      </file>
      <file name="SelectField.tsx" path="/Users/asegura/Labs/design-system/src/components/SelectField/SelectField.tsx">
        <metrics statements="5" coveredstatements="5" conditionals="13" coveredconditionals="12" methods="2" coveredmethods="2"/>
        <line num="29" count="1" type="stmt"/>
        <line num="47" count="11" type="stmt"/>
        <line num="49" count="11" type="stmt"/>
        <line num="73" count="33" type="stmt"/>
        <line num="90" count="1" type="stmt"/>
      </file>
    </package>
    <package name="components.Sidebar">
      <metrics statements="43" coveredstatements="43" conditionals="58" coveredconditionals="50" methods="11" coveredmethods="11"/>
      <file name="Sidebar.module.css" path="/Users/asegura/Labs/design-system/src/components/Sidebar/Sidebar.module.css">
        <metrics statements="0" coveredstatements="0" conditionals="0" coveredconditionals="0" methods="0" coveredmethods="0"/>
      </file>
      <file name="Sidebar.tsx" path="/Users/asegura/Labs/design-system/src/components/Sidebar/Sidebar.tsx">
        <metrics statements="43" coveredstatements="43" conditionals="58" coveredconditionals="50" methods="11" coveredmethods="11"/>
        <line num="6" count="1" type="stmt"/>
        <line num="8" count="1" type="stmt"/>
        <line num="9" count="43" type="stmt"/>
        <line num="20" count="1" type="stmt"/>
        <line num="21" count="6" type="stmt"/>
        <line num="32" count="1" type="stmt"/>
        <line num="33" count="49" type="stmt"/>
        <line num="69" count="1" type="stmt"/>
        <line num="87" count="49" type="stmt"/>
        <line num="88" count="49" type="cond" truecount="2" falsecount="0"/>
        <line num="90" count="49" type="stmt"/>
        <line num="91" count="49" type="cond" truecount="2" falsecount="0"/>
        <line num="93" count="49" type="stmt"/>
        <line num="94" count="49" type="stmt"/>
        <line num="95" count="49" type="stmt"/>
        <line num="97" count="49" type="stmt"/>
        <line num="98" count="23" type="stmt"/>
        <line num="101" count="49" type="stmt"/>
        <line num="102" count="24" type="cond" truecount="2" falsecount="0"/>
        <line num="103" count="24" type="cond" truecount="2" falsecount="0"/>
        <line num="105" count="7" type="cond" truecount="2" falsecount="0"/>
        <line num="106" count="3" type="stmt"/>
        <line num="107" count="3" type="stmt"/>
        <line num="108" count="3" type="stmt"/>
        <line num="109" count="3" type="stmt"/>
        <line num="111" count="4" type="stmt"/>
        <line num="112" count="4" type="stmt"/>
        <line num="113" count="4" type="stmt"/>
        <line num="115" count="7" type="stmt"/>
        <line num="116" count="7" type="stmt"/>
        <line num="120" count="49" type="stmt"/>
        <line num="121" count="2" type="stmt"/>
        <line num="122" count="2" type="cond" truecount="1" falsecount="1"/>
        <line num="123" count="2" type="stmt"/>
        <line num="126" count="49" type="stmt"/>
        <line num="127" count="4" type="cond" truecount="1" falsecount="1"/>
        <line num="128" count="4" type="stmt"/>
        <line num="131" count="49" type="stmt"/>
        <line num="133" count="1" type="cond" truecount="1" falsecount="1"/>
        <line num="138" count="49" type="stmt"/>
        <line num="147" count="49" type="stmt"/>
        <line num="192" count="147" type="stmt"/>
        <line num="232" count="1" type="stmt"/>
      </file>
    </package>
    <package name="components.TextAreaField">
      <metrics statements="4" coveredstatements="4" conditionals="10" coveredconditionals="10" methods="1" coveredmethods="1"/>
      <file name="TextAreaField.module.css" path="/Users/asegura/Labs/design-system/src/components/TextAreaField/TextAreaField.module.css">
        <metrics statements="0" coveredstatements="0" conditionals="0" coveredconditionals="0" methods="0" coveredmethods="0"/>
      </file>
      <file name="TextAreaField.tsx" path="/Users/asegura/Labs/design-system/src/components/TextAreaField/TextAreaField.tsx">
        <metrics statements="4" coveredstatements="4" conditionals="10" coveredconditionals="10" methods="1" coveredmethods="1"/>
        <line num="26" count="1" type="stmt"/>
        <line num="42" count="16" type="stmt"/>
        <line num="44" count="16" type="stmt"/>
        <line num="73" count="1" type="stmt"/>
      </file>
    </package>
    <package name="components.TextField">
      <metrics statements="4" coveredstatements="4" conditionals="9" coveredconditionals="9" methods="1" coveredmethods="1"/>
      <file name="TextField.module.css" path="/Users/asegura/Labs/design-system/src/components/TextField/TextField.module.css">
        <metrics statements="0" coveredstatements="0" conditionals="0" coveredconditionals="0" methods="0" coveredmethods="0"/>
      </file>
      <file name="TextField.tsx" path="/Users/asegura/Labs/design-system/src/components/TextField/TextField.tsx">
        <metrics statements="4" coveredstatements="4" conditionals="9" coveredconditionals="9" methods="1" coveredmethods="1"/>
        <line num="28" count="1" type="stmt"/>
        <line num="43" count="16" type="stmt"/>
        <line num="45" count="16" type="stmt"/>
        <line num="75" count="1" type="stmt"/>
      </file>
    </package>
    <package name="components.ThemeProvider">
      <metrics statements="34" coveredstatements="34" conditionals="26" coveredconditionals="22" methods="11" coveredmethods="11"/>
      <file name="ThemeProvider.tsx" path="/Users/asegura/Labs/design-system/src/components/ThemeProvider/ThemeProvider.tsx">
        <metrics statements="31" coveredstatements="31" conditionals="24" coveredconditionals="20" methods="10" coveredmethods="10"/>
        <line num="18" count="1" type="stmt"/>
        <line num="20" count="1" type="stmt"/>
        <line num="23" count="4" type="cond" truecount="1" falsecount="1"/>
        <line num="24" count="4" type="cond" truecount="2" falsecount="0"/>
        <line num="28" count="21" type="cond" truecount="2" falsecount="0"/>
        <line num="29" count="6" type="stmt"/>
        <line num="31" count="15" type="stmt"/>
        <line num="40" count="17" type="stmt"/>
        <line num="41" count="8" type="cond" truecount="1" falsecount="1"/>
        <line num="42" count="8" type="cond" truecount="2" falsecount="0"/>
        <line num="43" count="8" type="cond" truecount="2" falsecount="0"/>
        <line num="44" count="8" type="stmt"/>
        <line num="45" count="8" type="stmt"/>
        <line num="48" count="17" type="stmt"/>
        <line num="49" count="8" type="cond" truecount="2" falsecount="0"/>
        <line num="52" count="17" type="stmt"/>
        <line num="53" count="12" type="stmt"/>
        <line num="56" count="12" type="cond" truecount="4" falsecount="0"/>
        <line num="59" count="12" type="stmt"/>
        <line num="60" count="12" type="stmt"/>
        <line num="61" count="12" type="stmt"/>
        <line num="64" count="1" type="cond" truecount="1" falsecount="1"/>
        <line num="65" count="1" type="cond" truecount="1" falsecount="1"/>
        <line num="66" count="1" type="stmt"/>
        <line num="67" count="1" type="stmt"/>
        <line num="71" count="12" type="stmt"/>
        <line num="72" count="12" type="stmt"/>
        <line num="76" count="4" type="stmt"/>
        <line num="77" count="4" type="stmt"/>
        <line num="80" count="17" type="stmt"/>
        <line num="87" count="1" type="stmt"/>
      </file>
      <file name="useTheme.ts" path="/Users/asegura/Labs/design-system/src/components/ThemeProvider/useTheme.ts">
        <metrics statements="3" coveredstatements="3" conditionals="2" coveredconditionals="2" methods="1" coveredmethods="1"/>
        <line num="5" count="20" type="stmt"/>
        <line num="6" count="20" type="cond" truecount="2" falsecount="0"/>
        <line num="7" count="17" type="stmt"/>
      </file>
    </package>
    <package name="components.ToggleField">
      <metrics statements="4" coveredstatements="4" conditionals="9" coveredconditionals="9" methods="1" coveredmethods="1"/>
      <file name="ToggleField.module.css" path="/Users/asegura/Labs/design-system/src/components/ToggleField/ToggleField.module.css">
        <metrics statements="0" coveredstatements="0" conditionals="0" coveredconditionals="0" methods="0" coveredmethods="0"/>
      </file>
      <file name="ToggleField.tsx" path="/Users/asegura/Labs/design-system/src/components/ToggleField/ToggleField.tsx">
        <metrics statements="4" coveredstatements="4" conditionals="9" coveredconditionals="9" methods="1" coveredmethods="1"/>
        <line num="24" count="1" type="stmt"/>
        <line num="39" count="17" type="stmt"/>
        <line num="41" count="17" type="stmt"/>
        <line num="70" count="1" type="stmt"/>
      </file>
    </package>
    <package name="components.shared">
      <metrics statements="6" coveredstatements="6" conditionals="8" coveredconditionals="8" methods="1" coveredmethods="1"/>
      <file name="useFieldIds.ts" path="/Users/asegura/Labs/design-system/src/components/shared/useFieldIds.ts">
        <metrics statements="6" coveredstatements="6" conditionals="8" coveredconditionals="8" methods="1" coveredmethods="1"/>
        <line num="17" count="191" type="stmt"/>
        <line num="18" count="191" type="cond" truecount="2" falsecount="0"/>
        <line num="19" count="191" type="cond" truecount="2" falsecount="0"/>
        <line num="20" count="191" type="cond" truecount="2" falsecount="0"/>
        <line num="21" count="191" type="cond" truecount="2" falsecount="0"/>
        <line num="22" count="191" type="stmt"/>
      </file>
    </package>
    <package name="primitives.Alert">
      <metrics statements="7" coveredstatements="7" conditionals="9" coveredconditionals="9" methods="1" coveredmethods="1"/>
      <file name="Alert.module.css" path="/Users/asegura/Labs/design-system/src/primitives/Alert/Alert.module.css">
        <metrics statements="0" coveredstatements="0" conditionals="0" coveredconditionals="0" methods="0" coveredmethods="0"/>
      </file>
      <file name="Alert.tsx" path="/Users/asegura/Labs/design-system/src/primitives/Alert/Alert.tsx">
        <metrics statements="7" coveredstatements="7" conditionals="9" coveredconditionals="9" methods="1" coveredmethods="1"/>
        <line num="14" count="1" type="stmt"/>
        <line num="44" count="1" type="stmt"/>
        <line num="51" count="1" type="stmt"/>
        <line num="65" count="22" type="cond" truecount="2" falsecount="0"/>
        <line num="66" count="22" type="cond" truecount="2" falsecount="0"/>
        <line num="70" count="22" type="stmt"/>
        <line num="97" count="1" type="stmt"/>
      </file>
    </package>
    <package name="primitives.Avatar">
      <metrics statements="13" coveredstatements="13" conditionals="12" coveredconditionals="11" methods="4" coveredmethods="4"/>
      <file name="Avatar.module.css" path="/Users/asegura/Labs/design-system/src/primitives/Avatar/Avatar.module.css">
        <metrics statements="0" coveredstatements="0" conditionals="0" coveredconditionals="0" methods="0" coveredmethods="0"/>
      </file>
      <file name="Avatar.tsx" path="/Users/asegura/Labs/design-system/src/primitives/Avatar/Avatar.tsx">
        <metrics statements="13" coveredstatements="13" conditionals="12" coveredconditionals="11" methods="4" coveredmethods="4"/>
        <line num="16" count="18" type="stmt"/>
        <line num="17" count="18" type="cond" truecount="1" falsecount="1"/>
        <line num="18" count="18" type="cond" truecount="2" falsecount="0"/>
        <line num="19" count="16" type="stmt"/>
        <line num="22" count="1" type="stmt"/>
        <line num="24" count="22" type="stmt"/>
        <line num="27" count="22" type="stmt"/>
        <line num="28" count="21" type="stmt"/>
        <line num="31" count="22" type="cond" truecount="2" falsecount="0"/>
        <line num="32" count="22" type="cond" truecount="2" falsecount="0"/>
        <line num="36" count="22" type="stmt"/>
        <line num="50" count="1" type="stmt"/>
        <line num="62" count="1" type="stmt"/>
      </file>
    </package>
    <package name="primitives.Badge">
      <metrics statements="4" coveredstatements="4" conditionals="4" coveredconditionals="4" methods="1" coveredmethods="1"/>
      <file name="Badge.module.css" path="/Users/asegura/Labs/design-system/src/primitives/Badge/Badge.module.css">
        <metrics statements="0" coveredstatements="0" conditionals="0" coveredconditionals="0" methods="0" coveredmethods="0"/>
      </file>
      <file name="Badge.tsx" path="/Users/asegura/Labs/design-system/src/primitives/Badge/Badge.tsx">
        <metrics statements="4" coveredstatements="4" conditionals="4" coveredconditionals="4" methods="1" coveredmethods="1"/>
        <line num="12" count="1" type="stmt"/>
        <line num="14" count="22" type="cond" truecount="2" falsecount="0"/>
        <line num="18" count="22" type="stmt"/>
        <line num="22" count="1" type="stmt"/>
      </file>
    </package>
    <package name="primitives.Button">
      <metrics statements="6" coveredstatements="6" conditionals="20" coveredconditionals="19" methods="1" coveredmethods="1"/>
      <file name="Button.module.css" path="/Users/asegura/Labs/design-system/src/primitives/Button/Button.module.css">
        <metrics statements="0" coveredstatements="0" conditionals="0" coveredconditionals="0" methods="0" coveredmethods="0"/>
      </file>
      <file name="Button.tsx" path="/Users/asegura/Labs/design-system/src/primitives/Button/Button.tsx">
        <metrics statements="6" coveredstatements="6" conditionals="20" coveredconditionals="19" methods="1" coveredmethods="1"/>
        <line num="8" count="2" type="stmt"/>
        <line num="19" count="2" type="stmt"/>
        <line num="34" count="45" type="cond" truecount="2" falsecount="0"/>
        <line num="36" count="45" type="stmt"/>
        <line num="47" count="45" type="stmt"/>
        <line num="64" count="2" type="stmt"/>
      </file>
    </package>
    <package name="primitives.Checkbox">
      <metrics statements="4" coveredstatements="4" conditionals="10" coveredconditionals="9" methods="1" coveredmethods="1"/>
      <file name="Checkbox.module.css" path="/Users/asegura/Labs/design-system/src/primitives/Checkbox/Checkbox.module.css">
        <metrics statements="0" coveredstatements="0" conditionals="0" coveredconditionals="0" methods="0" coveredmethods="0"/>
      </file>
      <file name="Checkbox.tsx" path="/Users/asegura/Labs/design-system/src/primitives/Checkbox/Checkbox.tsx">
        <metrics statements="4" coveredstatements="4" conditionals="10" coveredconditionals="9" methods="1" coveredmethods="1"/>
        <line num="12" count="1" type="stmt"/>
        <line num="14" count="10" type="stmt"/>
        <line num="23" count="10" type="stmt"/>
        <line num="35" count="1" type="stmt"/>
      </file>
    </package>
    <package name="primitives.DateInput">
      <metrics statements="4" coveredstatements="4" conditionals="8" coveredconditionals="8" methods="1" coveredmethods="1"/>
      <file name="DateInput.tsx" path="/Users/asegura/Labs/design-system/src/primitives/DateInput/DateInput.tsx">
        <metrics statements="4" coveredstatements="4" conditionals="8" coveredconditionals="8" methods="1" coveredmethods="1"/>
        <line num="18" count="2" type="stmt"/>
        <line num="20" count="28" type="stmt"/>
        <line num="29" count="28" type="stmt"/>
        <line num="41" count="2" type="stmt"/>
      </file>
    </package>
    <package name="primitives.Divider">
      <metrics statements="4" coveredstatements="4" conditionals="12" coveredconditionals="12" methods="1" coveredmethods="1"/>
      <file name="Divider.module.css" path="/Users/asegura/Labs/design-system/src/primitives/Divider/Divider.module.css">
        <metrics statements="0" coveredstatements="0" conditionals="0" coveredconditionals="0" methods="0" coveredmethods="0"/>
      </file>
      <file name="Divider.tsx" path="/Users/asegura/Labs/design-system/src/primitives/Divider/Divider.tsx">
        <metrics statements="4" coveredstatements="4" conditionals="12" coveredconditionals="12" methods="1" coveredmethods="1"/>
        <line num="17" count="1" type="stmt"/>
        <line num="19" count="15" type="cond" truecount="2" falsecount="0"/>
        <line num="23" count="15" type="stmt"/>
        <line num="36" count="1" type="stmt"/>
      </file>
    </package>
    <package name="primitives.EmailInput">
      <metrics statements="4" coveredstatements="4" conditionals="8" coveredconditionals="8" methods="1" coveredmethods="1"/>
      <file name="EmailInput.tsx" path="/Users/asegura/Labs/design-system/src/primitives/EmailInput/EmailInput.tsx">
        <metrics statements="4" coveredstatements="4" conditionals="8" coveredconditionals="8" methods="1" coveredmethods="1"/>
        <line num="17" count="2" type="stmt"/>
        <line num="19" count="22" type="stmt"/>
        <line num="28" count="22" type="stmt"/>
        <line num="40" count="2" type="stmt"/>
      </file>
    </package>
    <package name="primitives.ErrorMessage">
      <metrics statements="2" coveredstatements="2" conditionals="2" coveredconditionals="2" methods="1" coveredmethods="1"/>
      <file name="ErrorMessage.module.css" path="/Users/asegura/Labs/design-system/src/primitives/ErrorMessage/ErrorMessage.module.css">
        <metrics statements="0" coveredstatements="0" conditionals="0" coveredconditionals="0" methods="0" coveredmethods="0"/>
      </file>
      <file name="ErrorMessage.tsx" path="/Users/asegura/Labs/design-system/src/primitives/ErrorMessage/ErrorMessage.tsx">
        <metrics statements="2" coveredstatements="2" conditionals="2" coveredconditionals="2" methods="1" coveredmethods="1"/>
        <line num="12" count="47" type="stmt"/>
        <line num="22" count="12" type="stmt"/>
      </file>
    </package>
    <package name="primitives.Heading">
      <metrics statements="13" coveredstatements="13" conditionals="13" coveredconditionals="13" methods="1" coveredmethods="1"/>
      <file name="Heading.module.css" path="/Users/asegura/Labs/design-system/src/primitives/Heading/Heading.module.css">
        <metrics statements="0" coveredstatements="0" conditionals="0" coveredconditionals="0" methods="0" coveredmethods="0"/>
      </file>
      <file name="Heading.tsx" path="/Users/asegura/Labs/design-system/src/primitives/Heading/Heading.tsx">
        <metrics statements="13" coveredstatements="13" conditionals="13" coveredconditionals="13" methods="1" coveredmethods="1"/>
        <line num="19" count="1" type="stmt"/>
        <line num="28" count="1" type="stmt"/>
        <line num="30" count="15" type="cond" truecount="2" falsecount="0"/>
        <line num="32" count="15" type="stmt"/>
        <line num="41" count="15" type="stmt"/>
        <line num="43" count="15" type="cond" truecount="6" falsecount="0"/>
        <line num="44" count="4" type="stmt"/>
        <line num="45" count="6" type="stmt"/>
        <line num="46" count="2" type="stmt"/>
        <line num="47" count="1" type="stmt"/>
        <line num="48" count="1" type="stmt"/>
        <line num="49" count="1" type="stmt"/>
        <line num="54" count="1" type="stmt"/>
      </file>
    </package>
    <package name="primitives.Hint">
      <metrics statements="2" coveredstatements="2" conditionals="2" coveredconditionals="2" methods="1" coveredmethods="1"/>
      <file name="Hint.module.css" path="/Users/asegura/Labs/design-system/src/primitives/Hint/Hint.module.css">
        <metrics statements="0" coveredstatements="0" conditionals="0" coveredconditionals="0" methods="0" coveredmethods="0"/>
      </file>
      <file name="Hint.tsx" path="/Users/asegura/Labs/design-system/src/primitives/Hint/Hint.tsx">
        <metrics statements="2" coveredstatements="2" conditionals="2" coveredconditionals="2" methods="1" coveredmethods="1"/>
        <line num="6" count="29" type="stmt"/>
        <line num="16" count="12" type="stmt"/>
      </file>
    </package>
    <package name="primitives.Label">
      <metrics statements="3" coveredstatements="3" conditionals="6" coveredconditionals="6" methods="1" coveredmethods="1"/>
      <file name="Label.module.css" path="/Users/asegura/Labs/design-system/src/primitives/Label/Label.module.css">
        <metrics statements="0" coveredstatements="0" conditionals="0" coveredconditionals="0" methods="0" coveredmethods="0"/>
      </file>
      <file name="Label.tsx" path="/Users/asegura/Labs/design-system/src/primitives/Label/Label.tsx">
        <metrics statements="3" coveredstatements="3" conditionals="6" coveredconditionals="6" methods="1" coveredmethods="1"/>
        <line num="9" count="152" type="cond" truecount="4" falsecount="0"/>
        <line num="13" count="152" type="stmt"/>
        <line num="25" count="10" type="stmt"/>
      </file>
    </package>
    <package name="primitives.Modal">
      <metrics statements="51" coveredstatements="51" conditionals="30" coveredconditionals="24" methods="9" coveredmethods="9"/>
      <file name="Modal.module.css" path="/Users/asegura/Labs/design-system/src/primitives/Modal/Modal.module.css">
        <metrics statements="0" coveredstatements="0" conditionals="0" coveredconditionals="0" methods="0" coveredmethods="0"/>
      </file>
      <file name="Modal.tsx" path="/Users/asegura/Labs/design-system/src/primitives/Modal/Modal.tsx">
        <metrics statements="51" coveredstatements="51" conditionals="30" coveredconditionals="24" methods="9" coveredmethods="9"/>
        <line num="45" count="21" type="stmt"/>
        <line num="65" count="21" type="stmt"/>
        <line num="72" count="1" type="stmt"/>
        <line num="75" count="16" type="stmt"/>
        <line num="78" count="1" type="stmt"/>
        <line num="80" count="1" type="stmt"/>
        <line num="89" count="1" type="stmt"/>
        <line num="101" count="22" type="stmt"/>
        <line num="102" count="22" type="stmt"/>
        <line num="103" count="22" type="stmt"/>
        <line num="105" count="22" type="stmt"/>
        <line num="107" count="42" type="stmt"/>
        <line num="108" count="42" type="cond" truecount="2" falsecount="0"/>
        <line num="109" count="40" type="cond" truecount="2" falsecount="0"/>
        <line num="114" count="22" type="stmt"/>
        <line num="115" count="22" type="cond" truecount="2" falsecount="0"/>
        <line num="116" count="21" type="stmt"/>
        <line num="117" count="21" type="stmt"/>
        <line num="118" count="21" type="stmt"/>
        <line num="119" count="21" type="cond" truecount="1" falsecount="1"/>
        <line num="120" count="21" type="stmt"/>
        <line num="121" count="21" type="cond" truecount="1" falsecount="1"/>
        <line num="123" count="1" type="stmt"/>
        <line num="124" count="1" type="stmt"/>
        <line num="126" count="22" type="stmt"/>
        <line num="127" count="22" type="stmt"/>
        <line num="131" count="22" type="stmt"/>
        <line num="133" count="4" type="cond" truecount="2" falsecount="0"/>
        <line num="134" count="1" type="stmt"/>
        <line num="135" count="1" type="stmt"/>
        <line num="136" count="1" type="stmt"/>
        <line num="138" count="3" type="cond" truecount="2" falsecount="0"/>
        <line num="140" count="2" type="stmt"/>
        <line num="141" count="2" type="cond" truecount="1" falsecount="1"/>
        <line num="142" count="2" type="stmt"/>
        <line num="143" count="2" type="cond" truecount="1" falsecount="1"/>
        <line num="145" count="2" type="stmt"/>
        <line num="146" count="2" type="stmt"/>
        <line num="148" count="2" type="cond" truecount="2" falsecount="0"/>
        <line num="149" count="1" type="cond" truecount="1" falsecount="1"/>
        <line num="150" count="1" type="stmt"/>
        <line num="151" count="1" type="stmt"/>
        <line num="154" count="1" type="cond" truecount="1" falsecount="1"/>
        <line num="155" count="1" type="stmt"/>
        <line num="156" count="1" type="stmt"/>
        <line num="163" count="22" type="stmt"/>
        <line num="165" count="3" type="cond" truecount="2" falsecount="0"/>
        <line num="170" count="22" type="cond" truecount="2" falsecount="0"/>
        <line num="173" count="21" type="stmt"/>
        <line num="193" count="21" type="stmt"/>
        <line num="196" count="1" type="stmt"/>
      </file>
    </package>
    <package name="primitives.NumberInput">
      <metrics statements="4" coveredstatements="4" conditionals="8" coveredconditionals="8" methods="1" coveredmethods="1"/>
      <file name="NumberInput.module.css" path="/Users/asegura/Labs/design-system/src/primitives/NumberInput/NumberInput.module.css">
        <metrics statements="0" coveredstatements="0" conditionals="0" coveredconditionals="0" methods="0" coveredmethods="0"/>
      </file>
      <file name="NumberInput.tsx" path="/Users/asegura/Labs/design-system/src/primitives/NumberInput/NumberInput.tsx">
        <metrics statements="4" coveredstatements="4" conditionals="8" coveredconditionals="8" methods="1" coveredmethods="1"/>
        <line num="16" count="2" type="stmt"/>
        <line num="18" count="28" type="stmt"/>
        <line num="28" count="28" type="stmt"/>
        <line num="43" count="2" type="stmt"/>
      </file>
    </package>
    <package name="primitives.PasswordInput">
      <metrics statements="18" coveredstatements="18" conditionals="23" coveredconditionals="22" methods="6" coveredmethods="6"/>
      <file name="PasswordInput.module.css" path="/Users/asegura/Labs/design-system/src/primitives/PasswordInput/PasswordInput.module.css">
        <metrics statements="0" coveredstatements="0" conditionals="0" coveredconditionals="0" methods="0" coveredmethods="0"/>
      </file>
      <file name="PasswordInput.tsx" path="/Users/asegura/Labs/design-system/src/primitives/PasswordInput/PasswordInput.tsx">
        <metrics statements="18" coveredstatements="18" conditionals="23" coveredconditionals="22" methods="6" coveredmethods="6"/>
        <line num="16" count="2" type="stmt"/>
        <line num="17" count="35" type="stmt"/>
        <line num="31" count="2" type="stmt"/>
        <line num="32" count="7" type="stmt"/>
        <line num="51" count="2" type="stmt"/>
        <line num="64" count="42" type="stmt"/>
        <line num="65" count="42" type="stmt"/>
        <line num="67" count="42" type="stmt"/>
        <line num="69" count="68" type="stmt"/>
        <line num="70" count="68" type="cond" truecount="1" falsecount="1"/>
        <line num="71" count="68" type="cond" truecount="2" falsecount="0"/>
        <line num="76" count="42" type="stmt"/>
        <line num="77" count="8" type="stmt"/>
        <line num="79" count="8" type="stmt"/>
        <line num="82" count="42" type="cond" truecount="2" falsecount="0"/>
        <line num="84" count="42" type="cond" truecount="2" falsecount="0"/>
        <line num="86" count="42" type="stmt"/>
        <line num="112" count="2" type="stmt"/>
      </file>
    </package>
    <package name="primitives.PhoneInput">
      <metrics statements="4" coveredstatements="4" conditionals="8" coveredconditionals="8" methods="1" coveredmethods="1"/>
      <file name="PhoneInput.tsx" path="/Users/asegura/Labs/design-system/src/primitives/PhoneInput/PhoneInput.tsx">
        <metrics statements="4" coveredstatements="4" conditionals="8" coveredconditionals="8" methods="1" coveredmethods="1"/>
        <line num="17" count="2" type="stmt"/>
        <line num="19" count="20" type="stmt"/>
        <line num="28" count="20" type="stmt"/>
        <line num="40" count="2" type="stmt"/>
      </file>
    </package>
    <package name="primitives.ProgressBar">
      <metrics statements="8" coveredstatements="8" conditionals="14" coveredconditionals="14" methods="2" coveredmethods="2"/>
      <file name="ProgressBar.module.css" path="/Users/asegura/Labs/design-system/src/primitives/ProgressBar/ProgressBar.module.css">
        <metrics statements="0" coveredstatements="0" conditionals="0" coveredconditionals="0" methods="0" coveredmethods="0"/>
      </file>
      <file name="ProgressBar.tsx" path="/Users/asegura/Labs/design-system/src/primitives/ProgressBar/ProgressBar.tsx">
        <metrics statements="8" coveredstatements="8" conditionals="14" coveredconditionals="14" methods="2" coveredmethods="2"/>
        <line num="17" count="22" type="stmt"/>
        <line num="20" count="1" type="stmt"/>
        <line num="25" count="25" type="stmt"/>
        <line num="26" count="25" type="cond" truecount="2" falsecount="0"/>
        <line num="28" count="25" type="stmt"/>
        <line num="37" count="25" type="stmt"/>
        <line num="44" count="25" type="stmt"/>
        <line num="64" count="1" type="stmt"/>
      </file>
    </package>
    <package name="primitives.RadioButton">
      <metrics statements="4" coveredstatements="4" conditionals="10" coveredconditionals="9" methods="1" coveredmethods="1"/>
      <file name="RadioButton.module.css" path="/Users/asegura/Labs/design-system/src/primitives/RadioButton/RadioButton.module.css">
        <metrics statements="0" coveredstatements="0" conditionals="0" coveredconditionals="0" methods="0" coveredmethods="0"/>
      </file>
      <file name="RadioButton.tsx" path="/Users/asegura/Labs/design-system/src/primitives/RadioButton/RadioButton.tsx">
        <metrics statements="4" coveredstatements="4" conditionals="10" coveredconditionals="9" methods="1" coveredmethods="1"/>
        <line num="12" count="1" type="stmt"/>
        <line num="14" count="53" type="stmt"/>
        <line num="23" count="53" type="stmt"/>
        <line num="35" count="1" type="stmt"/>
      </file>
    </package>
    <package name="primitives.SearchInput">
      <metrics statements="4" coveredstatements="4" conditionals="8" coveredconditionals="8" methods="1" coveredmethods="1"/>
      <file name="SearchInput.tsx" path="/Users/asegura/Labs/design-system/src/primitives/SearchInput/SearchInput.tsx">
        <metrics statements="4" coveredstatements="4" conditionals="8" coveredconditionals="8" methods="1" coveredmethods="1"/>
        <line num="18" count="2" type="stmt"/>
        <line num="20" count="21" type="stmt"/>
        <line num="29" count="21" type="stmt"/>
        <line num="41" count="2" type="stmt"/>
      </file>
    </package>
    <package name="primitives.Select">
      <metrics statements="4" coveredstatements="4" conditionals="8" coveredconditionals="8" methods="1" coveredmethods="1"/>
      <file name="Select.module.css" path="/Users/asegura/Labs/design-system/src/primitives/Select/Select.module.css">
        <metrics statements="0" coveredstatements="0" conditionals="0" coveredconditionals="0" methods="0" coveredmethods="0"/>
      </file>
      <file name="Select.tsx" path="/Users/asegura/Labs/design-system/src/primitives/Select/Select.tsx">
        <metrics statements="4" coveredstatements="4" conditionals="8" coveredconditionals="8" methods="1" coveredmethods="1"/>
        <line num="17" count="1" type="stmt"/>
        <line num="19" count="11" type="stmt"/>
        <line num="28" count="11" type="stmt"/>
        <line num="43" count="1" type="stmt"/>
      </file>
    </package>
    <package name="primitives.Spinner">
      <metrics statements="4" coveredstatements="4" conditionals="4" coveredconditionals="4" methods="1" coveredmethods="1"/>
      <file name="Spinner.module.css" path="/Users/asegura/Labs/design-system/src/primitives/Spinner/Spinner.module.css">
        <metrics statements="0" coveredstatements="0" conditionals="0" coveredconditionals="0" methods="0" coveredmethods="0"/>
      </file>
      <file name="Spinner.tsx" path="/Users/asegura/Labs/design-system/src/primitives/Spinner/Spinner.tsx">
        <metrics statements="4" coveredstatements="4" conditionals="4" coveredconditionals="4" methods="1" coveredmethods="1"/>
        <line num="11" count="3" type="stmt"/>
        <line num="13" count="17" type="cond" truecount="2" falsecount="0"/>
        <line num="17" count="17" type="stmt"/>
        <line num="25" count="3" type="stmt"/>
      </file>
    </package>
    <package name="primitives.Tabs">
      <metrics statements="73" coveredstatements="73" conditionals="42" coveredconditionals="35" methods="21" coveredmethods="21"/>
      <file name="Tabs.module.css" path="/Users/asegura/Labs/design-system/src/primitives/Tabs/Tabs.module.css">
        <metrics statements="0" coveredstatements="0" conditionals="0" coveredconditionals="0" methods="0" coveredmethods="0"/>
      </file>
      <file name="Tabs.tsx" path="/Users/asegura/Labs/design-system/src/primitives/Tabs/Tabs.tsx">
        <metrics statements="73" coveredstatements="73" conditionals="42" coveredconditionals="35" methods="21" coveredmethods="21"/>
        <line num="30" count="1" type="stmt"/>
        <line num="33" count="156" type="stmt"/>
        <line num="34" count="156" type="cond" truecount="1" falsecount="1"/>
        <line num="35" count="156" type="stmt"/>
        <line num="52" count="1" type="stmt"/>
        <line num="54" count="27" type="stmt"/>
        <line num="55" count="27" type="cond" truecount="2" falsecount="0"/>
        <line num="57" count="27" type="stmt"/>
        <line num="58" count="156" type="stmt"/>
        <line num="59" count="156" type="stmt"/>
        <line num="61" count="27" type="stmt"/>
        <line num="62" count="27" type="stmt"/>
        <line num="63" count="27" type="stmt"/>
        <line num="65" count="27" type="stmt"/>
        <line num="67" count="4" type="cond" truecount="1" falsecount="1"/>
        <line num="68" count="4" type="stmt"/>
        <line num="73" count="27" type="stmt"/>
        <line num="74" count="66" type="stmt"/>
        <line num="75" count="66" type="stmt"/>
        <line num="76" count="129" type="stmt"/>
        <line num="80" count="27" type="stmt"/>
        <line num="82" count="156" type="cond" truecount="2" falsecount="0"/>
        <line num="83" count="78" type="stmt"/>
        <line num="88" count="27" type="stmt"/>
        <line num="89" count="132" type="cond" truecount="2" falsecount="0"/>
        <line num="90" count="129" type="stmt"/>
        <line num="93" count="27" type="stmt"/>
        <line num="118" count="1" type="stmt"/>
        <line num="131" count="1" type="stmt"/>
        <line num="133" count="23" type="stmt"/>
        <line num="143" count="1" type="stmt"/>
        <line num="156" count="1" type="stmt"/>
        <line num="158" count="78" type="stmt"/>
        <line num="170" count="78" type="stmt"/>
        <line num="172" count="78" type="stmt"/>
        <line num="175" count="78" type="stmt"/>
        <line num="178" count="78" type="stmt"/>
        <line num="179" count="66" type="stmt"/>
        <line num="180" count="66" type="stmt"/>
        <line num="183" count="78" type="stmt"/>
        <line num="184" count="10" type="stmt"/>
        <line num="185" count="30" type="stmt"/>
        <line num="187" count="10" type="stmt"/>
        <line num="189" count="10" type="stmt"/>
        <line num="190" count="8" type="stmt"/>
        <line num="193" count="10" type="cond" truecount="8" falsecount="0"/>
        <line num="196" count="5" type="stmt"/>
        <line num="197" count="5" type="cond" truecount="1" falsecount="1"/>
        <line num="198" count="5" type="stmt"/>
        <line num="201" count="1" type="stmt"/>
        <line num="202" count="1" type="cond" truecount="1" falsecount="1"/>
        <line num="203" count="1" type="stmt"/>
        <line num="204" count="1" type="stmt"/>
        <line num="206" count="1" type="stmt"/>
        <line num="207" count="1" type="stmt"/>
        <line num="208" count="1" type="stmt"/>
        <line num="210" count="1" type="stmt"/>
        <line num="211" count="1" type="stmt"/>
        <line num="212" count="1" type="stmt"/>
        <line num="215" count="2" type="stmt"/>
        <line num="216" count="2" type="cond" truecount="1" falsecount="1"/>
        <line num="217" count="2" type="stmt"/>
        <line num="221" count="78" type="stmt"/>
        <line num="224" count="156" type="stmt"/>
        <line num="225" count="156" type="cond" truecount="1" falsecount="1"/>
        <line num="226" count="156" type="cond" truecount="1" falsecount="1"/>
        <line num="234" count="2" type="cond" truecount="2" falsecount="0"/>
        <line num="243" count="1" type="stmt"/>
        <line num="255" count="1" type="stmt"/>
        <line num="257" count="78" type="stmt"/>
        <line num="258" count="78" type="stmt"/>
        <line num="260" count="78" type="stmt"/>
        <line num="275" count="1" type="stmt"/>
      </file>
    </package>
    <package name="primitives.Text">
      <metrics statements="5" coveredstatements="5" conditionals="8" coveredconditionals="8" methods="1" coveredmethods="1"/>
      <file name="Text.module.css" path="/Users/asegura/Labs/design-system/src/primitives/Text/Text.module.css">
        <metrics statements="0" coveredstatements="0" conditionals="0" coveredconditionals="0" methods="0" coveredmethods="0"/>
      </file>
      <file name="Text.tsx" path="/Users/asegura/Labs/design-system/src/primitives/Text/Text.tsx">
        <metrics statements="5" coveredstatements="5" conditionals="8" coveredconditionals="8" methods="1" coveredmethods="1"/>
        <line num="24" count="1" type="stmt"/>
        <line num="29" count="14" type="stmt"/>
        <line num="40" count="14" type="stmt"/>
        <line num="41" count="14" type="stmt"/>
        <line num="45" count="1" type="stmt"/>
      </file>
    </package>
    <package name="primitives.TextArea">
      <metrics statements="21" coveredstatements="21" conditionals="21" coveredconditionals="18" methods="4" coveredmethods="4"/>
      <file name="TextArea.module.css" path="/Users/asegura/Labs/design-system/src/primitives/TextArea/TextArea.module.css">
        <metrics statements="0" coveredstatements="0" conditionals="0" coveredconditionals="0" methods="0" coveredmethods="0"/>
      </file>
      <file name="TextArea.tsx" path="/Users/asegura/Labs/design-system/src/primitives/TextArea/TextArea.tsx">
        <metrics statements="21" coveredstatements="21" conditionals="21" coveredconditionals="18" methods="4" coveredmethods="4"/>
        <line num="14" count="2" type="stmt"/>
        <line num="19" count="31" type="stmt"/>
        <line num="21" count="31" type="stmt"/>
        <line num="23" count="62" type="stmt"/>
        <line num="24" count="62" type="cond" truecount="1" falsecount="1"/>
        <line num="25" count="62" type="cond" truecount="2" falsecount="0"/>
        <line num="30" count="31" type="stmt"/>
        <line num="31" count="31" type="stmt"/>
        <line num="32" count="31" type="cond" truecount="1" falsecount="1"/>
        <line num="33" count="31" type="cond" truecount="2" falsecount="0"/>
        <line num="34" count="4" type="stmt"/>
        <line num="35" count="4" type="stmt"/>
        <line num="37" count="27" type="stmt"/>
        <line num="41" count="31" type="stmt"/>
        <line num="43" count="6" type="cond" truecount="1" falsecount="1"/>
        <line num="44" count="6" type="stmt"/>
        <line num="45" count="6" type="stmt"/>
        <line num="47" count="6" type="stmt"/>
        <line num="52" count="31" type="stmt"/>
        <line num="62" count="31" type="stmt"/>
        <line num="74" count="2" type="stmt"/>
      </file>
    </package>
    <package name="primitives.TextInput">
      <metrics statements="4" coveredstatements="4" conditionals="8" coveredconditionals="8" methods="1" coveredmethods="1"/>
      <file name="TextInput.module.css" path="/Users/asegura/Labs/design-system/src/primitives/TextInput/TextInput.module.css">
        <metrics statements="0" coveredstatements="0" conditionals="0" coveredconditionals="0" methods="0" coveredmethods="0"/>
      </file>
      <file name="TextInput.tsx" path="/Users/asegura/Labs/design-system/src/primitives/TextInput/TextInput.tsx">
        <metrics statements="4" coveredstatements="4" conditionals="8" coveredconditionals="8" methods="1" coveredmethods="1"/>
        <line num="17" count="1" type="stmt"/>
        <line num="19" count="16" type="stmt"/>
        <line num="28" count="16" type="stmt"/>
        <line num="40" count="1" type="stmt"/>
      </file>
    </package>
    <package name="primitives.Toast">
      <metrics statements="57" coveredstatements="57" conditionals="21" coveredconditionals="18" methods="18" coveredmethods="18"/>
      <file name="Toast.module.css" path="/Users/asegura/Labs/design-system/src/primitives/Toast/Toast.module.css">
        <metrics statements="0" coveredstatements="0" conditionals="0" coveredconditionals="0" methods="0" coveredmethods="0"/>
      </file>
      <file name="Toast.tsx" path="/Users/asegura/Labs/design-system/src/primitives/Toast/Toast.tsx">
        <metrics statements="57" coveredstatements="57" conditionals="21" coveredconditionals="18" methods="18" coveredmethods="18"/>
        <line num="32" count="1" type="stmt"/>
        <line num="34" count="1" type="stmt"/>
        <line num="72" count="25" type="stmt"/>
        <line num="76" count="4" type="stmt"/>
        <line num="77" count="3" type="stmt"/>
        <line num="78" count="2" type="stmt"/>
        <line num="79" count="1" type="stmt"/>
        <line num="87" count="1" type="stmt"/>
        <line num="104" count="49" type="stmt"/>
        <line num="105" count="49" type="stmt"/>
        <line num="106" count="49" type="stmt"/>
        <line num="107" count="49" type="stmt"/>
        <line num="108" count="49" type="stmt"/>
        <line num="110" count="49" type="stmt"/>
        <line num="111" count="5" type="stmt"/>
        <line num="112" count="5" type="cond" truecount="2" falsecount="0"/>
        <line num="113" count="3" type="stmt"/>
        <line num="114" count="3" type="stmt"/>
        <line num="116" count="5" type="stmt"/>
        <line num="117" count="5" type="stmt"/>
        <line num="118" count="5" type="stmt"/>
        <line num="121" count="49" type="stmt"/>
        <line num="123" count="8" type="stmt"/>
        <line num="124" count="8" type="stmt"/>
        <line num="129" count="49" type="stmt"/>
        <line num="130" count="6" type="stmt"/>
        <line num="131" count="6" type="cond" truecount="2" falsecount="0"/>
        <line num="132" count="5" type="stmt"/>
        <line num="133" count="5" type="stmt"/>
        <line num="134" count="5" type="stmt"/>
        <line num="137" count="49" type="stmt"/>
        <line num="139" count="4" type="stmt"/>
        <line num="140" count="4" type="cond" truecount="2" falsecount="0"/>
        <line num="141" count="3" type="stmt"/>
        <line num="142" count="3" type="cond" truecount="1" falsecount="1"/>
        <line num="143" count="4" type="stmt"/>
        <line num="144" count="4" type="stmt"/>
        <line num="145" count="4" type="cond" truecount="2" falsecount="0"/>
        <line num="146" count="1" type="stmt"/>
        <line num="151" count="49" type="stmt"/>
        <line num="153" count="22" type="stmt"/>
        <line num="154" count="22" type="cond" truecount="1" falsecount="1"/>
        <line num="155" count="22" type="cond" truecount="1" falsecount="1"/>
        <line num="157" count="22" type="stmt"/>
        <line num="159" count="22" type="stmt"/>
        <line num="160" count="22" type="stmt"/>
        <line num="161" count="22" type="cond" truecount="2" falsecount="0"/>
        <line num="164" count="22" type="cond" truecount="2" falsecount="0"/>
        <line num="165" count="6" type="stmt"/>
        <line num="166" count="6" type="stmt"/>
        <line num="169" count="22" type="stmt"/>
        <line num="174" count="49" type="stmt"/>
        <line num="187" count="25" type="stmt"/>
        <line num="202" count="1" type="stmt"/>
        <line num="205" count="49" type="stmt"/>
        <line num="206" count="49" type="cond" truecount="2" falsecount="0"/>
        <line num="207" count="46" type="stmt"/>
      </file>
    </package>
    <package name="primitives.Toggle">
      <metrics statements="3" coveredstatements="3" conditionals="6" coveredconditionals="6" methods="1" coveredmethods="1"/>
      <file name="Toggle.module.css" path="/Users/asegura/Labs/design-system/src/primitives/Toggle/Toggle.module.css">
        <metrics statements="0" coveredstatements="0" conditionals="0" coveredconditionals="0" methods="0" coveredmethods="0"/>
      </file>
      <file name="Toggle.tsx" path="/Users/asegura/Labs/design-system/src/primitives/Toggle/Toggle.tsx">
        <metrics statements="3" coveredstatements="3" conditionals="6" coveredconditionals="6" methods="1" coveredmethods="1"/>
        <line num="18" count="2" type="stmt"/>
        <line num="20" count="28" type="stmt"/>
        <line num="38" count="2" type="stmt"/>
      </file>
    </package>
    <package name="primitives.Tooltip">
      <metrics statements="52" coveredstatements="52" conditionals="20" coveredconditionals="17" methods="15" coveredmethods="14"/>
      <file name="Tooltip.module.css" path="/Users/asegura/Labs/design-system/src/primitives/Tooltip/Tooltip.module.css">
        <metrics statements="0" coveredstatements="0" conditionals="0" coveredconditionals="0" methods="0" coveredmethods="0"/>
      </file>
      <file name="Tooltip.tsx" path="/Users/asegura/Labs/design-system/src/primitives/Tooltip/Tooltip.tsx">
        <metrics statements="52" coveredstatements="52" conditionals="20" coveredconditionals="17" methods="15" coveredmethods="14"/>
        <line num="25" count="42" type="stmt"/>
        <line num="26" count="84" type="stmt"/>
        <line num="27" count="168" type="cond" truecount="1" falsecount="1"/>
        <line num="28" count="168" type="cond" truecount="4" falsecount="0"/>
        <line num="29" count="84" type="stmt"/>
        <line num="40" count="42" type="stmt"/>
        <line num="41" count="42" type="stmt"/>
        <line num="42" count="42" type="stmt"/>
        <line num="43" count="42" type="stmt"/>
        <line num="44" count="42" type="stmt"/>
        <line num="46" count="42" type="stmt"/>
        <line num="47" count="14" type="stmt"/>
        <line num="48" count="14" type="cond" truecount="1" falsecount="1"/>
        <line num="49" count="14" type="cond" truecount="4" falsecount="0"/>
        <line num="51" count="11" type="stmt"/>
        <line num="52" count="11" type="stmt"/>
        <line num="54" count="1" type="stmt"/>
        <line num="55" count="1" type="stmt"/>
        <line num="57" count="1" type="stmt"/>
        <line num="58" count="1" type="stmt"/>
        <line num="60" count="1" type="stmt"/>
        <line num="61" count="1" type="stmt"/>
        <line num="65" count="42" type="stmt"/>
        <line num="66" count="18" type="stmt"/>
        <line num="67" count="18" type="stmt"/>
        <line num="68" count="14" type="stmt"/>
        <line num="69" count="14" type="stmt"/>
        <line num="73" count="42" type="stmt"/>
        <line num="74" count="7" type="stmt"/>
        <line num="75" count="7" type="stmt"/>
        <line num="79" count="42" type="stmt"/>
        <line num="80" count="42" type="cond" truecount="2" falsecount="0"/>
        <line num="81" count="14" type="stmt"/>
        <line num="82" count="14" type="stmt"/>
        <line num="83" count="14" type="stmt"/>
        <line num="84" count="14" type="stmt"/>
        <line num="85" count="14" type="stmt"/>
        <line num="86" count="14" type="stmt"/>
        <line num="90" count="42" type="stmt"/>
        <line num="94" count="14" type="stmt"/>
        <line num="95" count="14" type="stmt"/>
        <line num="98" count="3" type="stmt"/>
        <line num="99" count="3" type="stmt"/>
        <line num="102" count="4" type="stmt"/>
        <line num="103" count="4" type="stmt"/>
        <line num="106" count="2" type="stmt"/>
        <line num="107" count="2" type="stmt"/>
        <line num="110" count="2" type="cond" truecount="1" falsecount="1"/>
        <line num="111" count="2" type="stmt"/>
        <line num="116" count="42" type="stmt"/>
        <line num="133" count="42" type="stmt"/>
        <line num="141" count="1" type="stmt"/>
      </file>
    </package>
  </project>
</coverage>
