{"/Users/asegura/Labs/design-system/src/components/BarChart/BarChart.module.css": {"path":"/Users/asegura/Labs/design-system/src/components/BarChart/BarChart.module.css","statementMap":{},"fnMap":{},"branchMap":{},"s":{},"f":{},"b":{},"meta":{"lastBranch":0,"lastFunction":0,"lastStatement":0,"seen":{}}}
,"/Users/asegura/Labs/design-system/src/components/BarChart/BarChart.tsx": {"path":"/Users/asegura/Labs/design-system/src/components/BarChart/BarChart.tsx","statementMap":{"0":{"start":{"line":22,"column":14},"end":{"line":22,"column":null}},"1":{"start":{"line":23,"column":14},"end":{"line":23,"column":null}},"2":{"start":{"line":24,"column":10},"end":{"line":24,"column":null}},"3":{"start":{"line":25,"column":11},"end":{"line":25,"column":null}},"4":{"start":{"line":26,"column":11},"end":{"line":26,"column":null}},"5":{"start":{"line":27,"column":19},"end":{"line":27,"column":null}},"6":{"start":{"line":28,"column":16},"end":{"line":28,"column":null}},"7":{"start":{"line":31,"column":2},"end":{"line":31,"column":null}},"8":{"start":{"line":31,"column":22},"end":{"line":31,"column":null}},"9":{"start":{"line":32,"column":2},"end":{"line":32,"column":null}},"10":{"start":{"line":32,"column":18},"end":{"line":32,"column":null}},"11":{"start":{"line":33,"column":2},"end":{"line":33,"column":null}},"12":{"start":{"line":37,"column":2},"end":{"line":37,"column":null}},"13":{"start":{"line":40,"column":6},"end":{"line":180,"column":null}},"14":{"start":{"line":42,"column":10},"end":{"line":42,"column":27}},"15":{"start":{"line":43,"column":20},"end":{"line":43,"column":83}},"16":{"start":{"line":43,"column":63},"end":{"line":43,"column":83}},"17":{"start":{"line":45,"column":4},"end":{"line":48,"column":null}},"18":{"start":{"line":46,"column":6},"end":{"line":48,"column":null}},"19":{"start":{"line":53,"column":19},"end":{"line":53,"column":53}},"20":{"start":{"line":53,"column":45},"end":{"line":53,"column":53}},"21":{"start":{"line":54,"column":22},"end":{"line":54,"column":null}},"22":{"start":{"line":55,"column":22},"end":{"line":55,"column":null}},"23":{"start":{"line":57,"column":21},"end":{"line":59,"column":null}},"24":{"start":{"line":58,"column":31},"end":{"line":58,"column":57}},"25":{"start":{"line":58,"column":49},"end":{"line":58,"column":57}},"26":{"start":{"line":62,"column":19},"end":{"line":62,"column":null}},"27":{"start":{"line":63,"column":17},"end":{"line":65,"column":null}},"28":{"start":{"line":68,"column":4},"end":{"line":175,"column":null}},"29":{"start":{"line":83,"column":24},"end":{"line":83,"column":null}},"30":{"start":{"line":84,"column":22},"end":{"line":84,"column":null}},"31":{"start":{"line":85,"column":24},"end":{"line":85,"column":null}},"32":{"start":{"line":86,"column":12},"end":{"line":105,"column":null}},"33":{"start":{"line":111,"column":29},"end":{"line":111,"column":null}},"34":{"start":{"line":112,"column":30},"end":{"line":112,"column":null}},"35":{"start":{"line":113,"column":34},"end":{"line":113,"column":null}},"36":{"start":{"line":114,"column":27},"end":{"line":114,"column":null}},"37":{"start":{"line":116,"column":12},"end":{"line":148,"column":null}},"38":{"start":{"line":119,"column":32},"end":{"line":119,"column":null}},"39":{"start":{"line":120,"column":18},"end":{"line":120,"column":null}},"40":{"start":{"line":120,"column":30},"end":{"line":120,"column":null}},"41":{"start":{"line":121,"column":31},"end":{"line":121,"column":null}},"42":{"start":{"line":122,"column":31},"end":{"line":122,"column":null}},"43":{"start":{"line":123,"column":31},"end":{"line":123,"column":null}},"44":{"start":{"line":124,"column":32},"end":{"line":124,"column":50}},"45":{"start":{"line":125,"column":18},"end":{"line":137,"column":null}},"46":{"start":{"line":166,"column":14},"end":{"line":173,"column":null}},"47":{"start":{"line":182,"column":0},"end":{"line":182,"column":null}}},"fnMap":{"0":{"name":"formatNum","decl":{"start":{"line":30,"column":9},"end":{"line":30,"column":19}},"loc":{"start":{"line":30,"column":38},"end":{"line":33,"column":null}},"line":30},"1":{"name":"seriesColor","decl":{"start":{"line":36,"column":9},"end":{"line":36,"column":21}},"loc":{"start":{"line":36,"column":68},"end":{"line":37,"column":null}},"line":36},"2":{"name":"(anonymous_2)","decl":{"start":{"line":40,"column":17},"end":{"line":40,"column":null}},"loc":{"start":{"line":41,"column":41},"end":{"line":180,"column":null}},"line":41},"3":{"name":"(anonymous_3)","decl":{"start":{"line":43,"column":50},"end":{"line":43,"column":57}},"loc":{"start":{"line":43,"column":63},"end":{"line":43,"column":83}},"line":43},"4":{"name":"(anonymous_4)","decl":{"start":{"line":53,"column":34},"end":{"line":53,"column":39}},"loc":{"start":{"line":53,"column":45},"end":{"line":53,"column":53}},"line":53},"5":{"name":"(anonymous_5)","decl":{"start":{"line":58,"column":16},"end":{"line":58,"column":25}},"loc":{"start":{"line":58,"column":31},"end":{"line":58,"column":57}},"line":58},"6":{"name":"(anonymous_6)","decl":{"start":{"line":58,"column":38},"end":{"line":58,"column":43}},"loc":{"start":{"line":58,"column":49},"end":{"line":58,"column":57}},"line":58},"7":{"name":"(anonymous_7)","decl":{"start":{"line":82,"column":48},"end":{"line":82,"column":51}},"loc":{"start":{"line":82,"column":60},"end":{"line":107,"column":null}},"line":82},"8":{"name":"(anonymous_8)","decl":{"start":{"line":110,"column":18},"end":{"line":110,"column":23}},"loc":{"start":{"line":110,"column":36},"end":{"line":150,"column":null}},"line":110},"9":{"name":"(anonymous_9)","decl":{"start":{"line":118,"column":24},"end":{"line":118,"column":29}},"loc":{"start":{"line":118,"column":39},"end":{"line":139,"column":null}},"line":118},"10":{"name":"(anonymous_10)","decl":{"start":{"line":165,"column":20},"end":{"line":165,"column":25}},"loc":{"start":{"line":166,"column":14},"end":{"line":173,"column":null}},"line":166}},"branchMap":{"0":{"loc":{"start":{"line":31,"column":2},"end":{"line":31,"column":null}},"type":"if","locations":[{"start":{"line":31,"column":2},"end":{"line":31,"column":null}},{"start":{},"end":{}}],"line":31},"1":{"loc":{"start":{"line":32,"column":2},"end":{"line":32,"column":null}},"type":"if","locations":[{"start":{"line":32,"column":2},"end":{"line":32,"column":null}},{"start":{},"end":{}}],"line":32},"2":{"loc":{"start":{"line":37,"column":9},"end":{"line":37,"column":null}},"type":"binary-expr","locations":[{"start":{"line":37,"column":9},"end":{"line":37,"column":25}},{"start":{"line":37,"column":25},"end":{"line":37,"column":null}}],"line":37},"3":{"loc":{"start":{"line":43,"column":20},"end":{"line":43,"column":83}},"type":"binary-expr","locations":[{"start":{"line":43,"column":20},"end":{"line":43,"column":43}},{"start":{"line":43,"column":43},"end":{"line":43,"column":83}}],"line":43},"4":{"loc":{"start":{"line":45,"column":4},"end":{"line":48,"column":null}},"type":"if","locations":[{"start":{"line":45,"column":4},"end":{"line":48,"column":null}},{"start":{},"end":{}}],"line":45},"5":{"loc":{"start":{"line":47,"column":39},"end":{"line":47,"column":55}},"type":"binary-expr","locations":[{"start":{"line":47,"column":39},"end":{"line":47,"column":52}},{"start":{"line":47,"column":52},"end":{"line":47,"column":55}}],"line":47},"6":{"loc":{"start":{"line":65,"column":6},"end":{"line":65,"column":null}},"type":"cond-expr","locations":[{"start":{"line":65,"column":24},"end":{"line":65,"column":29}},{"start":{"line":65,"column":29},"end":{"line":65,"column":null}}],"line":65},"7":{"loc":{"start":{"line":71,"column":36},"end":{"line":71,"column":52}},"type":"binary-expr","locations":[{"start":{"line":71,"column":36},"end":{"line":71,"column":49}},{"start":{"line":71,"column":49},"end":{"line":71,"column":52}}],"line":71},"8":{"loc":{"start":{"line":120,"column":18},"end":{"line":120,"column":null}},"type":"if","locations":[{"start":{"line":120,"column":18},"end":{"line":120,"column":null}},{"start":{},"end":{}}],"line":120},"9":{"loc":{"start":{"line":121,"column":31},"end":{"line":121,"column":null}},"type":"cond-expr","locations":[{"start":{"line":121,"column":47},"end":{"line":121,"column":78}},{"start":{"line":121,"column":78},"end":{"line":121,"column":null}}],"line":121},"10":{"loc":{"start":{"line":163,"column":9},"end":{"line":175,"column":null}},"type":"binary-expr","locations":[{"start":{"line":163,"column":9},"end":{"line":163,"column":null}},{"start":{"line":164,"column":10},"end":{"line":175,"column":null}}],"line":163}},"s":{"0":1,"1":1,"2":1,"3":1,"4":1,"5":1,"6":1,"7":79,"8":4,"9":75,"10":75,"11":74,"12":35,"13":1,"14":12,"15":12,"16":11,"17":12,"18":2,"19":10,"20":23,"21":10,"22":10,"23":10,"24":13,"25":29,"26":10,"27":10,"28":12,"29":50,"30":50,"31":50,"32":50,"33":23,"34":23,"35":23,"36":23,"37":23,"38":29,"39":29,"40":0,"41":29,"42":29,"43":29,"44":29,"45":29,"46":6,"47":1},"f":{"0":79,"1":35,"2":12,"3":11,"4":23,"5":13,"6":29,"7":50,"8":23,"9":29,"10":6},"b":{"0":[4,75],"1":[1,74],"2":[35,34],"3":[12,11],"4":[2,10],"5":[2,2],"6":[7,3],"7":[12,10],"8":[0,29],"9":[29,0],"10":[12,3]},"meta":{"lastBranch":11,"lastFunction":11,"lastStatement":48,"seen":{"s:22:14:22:Infinity":0,"s:23:14:23:Infinity":1,"s:24:10:24:Infinity":2,"s:25:11:25:Infinity":3,"s:26:11:26:Infinity":4,"s:27:19:27:Infinity":5,"s:28:16:28:Infinity":6,"f:30:9:30:19":0,"b:31:2:31:Infinity:undefined:undefined:undefined:undefined":0,"s:31:2:31:Infinity":7,"s:31:22:31:Infinity":8,"b:32:2:32:Infinity:undefined:undefined:undefined:undefined":1,"s:32:2:32:Infinity":9,"s:32:18:32:Infinity":10,"s:33:2:33:Infinity":11,"f:36:9:36:21":1,"s:37:2:37:Infinity":12,"b:37:9:37:25:37:25:37:Infinity":2,"s:40:6:180:Infinity":13,"f:40:17:40:Infinity":2,"s:42:10:42:27":14,"s:43:20:43:83":15,"b:43:20:43:43:43:43:43:83":3,"f:43:50:43:57":3,"s:43:63:43:83":16,"b:45:4:48:Infinity:undefined:undefined:undefined:undefined":4,"s:45:4:48:Infinity":17,"s:46:6:48:Infinity":18,"b:47:39:47:52:47:52:47:55":5,"s:53:19:53:53":19,"f:53:34:53:39":4,"s:53:45:53:53":20,"s:54:22:54:Infinity":21,"s:55:22:55:Infinity":22,"s:57:21:59:Infinity":23,"f:58:16:58:25":5,"s:58:31:58:57":24,"f:58:38:58:43":6,"s:58:49:58:57":25,"s:62:19:62:Infinity":26,"s:63:17:65:Infinity":27,"b:65:24:65:29:65:29:65:Infinity":6,"s:68:4:175:Infinity":28,"b:71:36:71:49:71:49:71:52":7,"f:82:48:82:51":7,"s:83:24:83:Infinity":29,"s:84:22:84:Infinity":30,"s:85:24:85:Infinity":31,"s:86:12:105:Infinity":32,"f:110:18:110:23":8,"s:111:29:111:Infinity":33,"s:112:30:112:Infinity":34,"s:113:34:113:Infinity":35,"s:114:27:114:Infinity":36,"s:116:12:148:Infinity":37,"f:118:24:118:29":9,"s:119:32:119:Infinity":38,"b:120:18:120:Infinity:undefined:undefined:undefined:undefined":8,"s:120:18:120:Infinity":39,"s:120:30:120:Infinity":40,"s:121:31:121:Infinity":41,"b:121:47:121:78:121:78:121:Infinity":9,"s:122:31:122:Infinity":42,"s:123:31:123:Infinity":43,"s:124:32:124:50":44,"s:125:18:137:Infinity":45,"b:163:9:163:Infinity:164:10:175:Infinity":10,"f:165:20:165:25":10,"s:166:14:173:Infinity":46,"s:182:0:182:Infinity":47}}}
,"/Users/asegura/Labs/design-system/src/components/Breadcrumb/Breadcrumb.module.css": {"path":"/Users/asegura/Labs/design-system/src/components/Breadcrumb/Breadcrumb.module.css","statementMap":{},"fnMap":{},"branchMap":{},"s":{},"f":{},"b":{},"meta":{"lastBranch":0,"lastFunction":0,"lastStatement":0,"seen":{}}}
,"/Users/asegura/Labs/design-system/src/components/Breadcrumb/Breadcrumb.tsx": {"path":"/Users/asegura/Labs/design-system/src/components/Breadcrumb/Breadcrumb.tsx","statementMap":{"0":{"start":{"line":15,"column":6},"end":{"line":44,"column":null}},"1":{"start":{"line":17,"column":4},"end":{"line":44,"column":null}},"2":{"start":{"line":24,"column":28},"end":{"line":24,"column":null}},"3":{"start":{"line":25,"column":10},"end":{"line":38,"column":null}},"4":{"start":{"line":46,"column":0},"end":{"line":46,"column":null}}},"fnMap":{"0":{"name":"(anonymous_0)","decl":{"start":{"line":15,"column":19},"end":{"line":15,"column":null}},"loc":{"start":{"line":17,"column":4},"end":{"line":44,"column":null}},"line":17},"1":{"name":"(anonymous_1)","decl":{"start":{"line":23,"column":15},"end":{"line":23,"column":20}},"loc":{"start":{"line":23,"column":36},"end":{"line":38,"column":null}},"line":23}},"branchMap":{"0":{"loc":{"start":{"line":16,"column":26},"end":{"line":16,"column":52}},"type":"default-arg","locations":[{"start":{"line":16,"column":38},"end":{"line":16,"column":52}}],"line":16},"1":{"loc":{"start":{"line":20,"column":30},"end":{"line":20,"column":46}},"type":"binary-expr","locations":[{"start":{"line":20,"column":30},"end":{"line":20,"column":43}},{"start":{"line":20,"column":43},"end":{"line":20,"column":46}}],"line":20},"2":{"loc":{"start":{"line":27,"column":15},"end":{"line":36,"column":null}},"type":"cond-expr","locations":[{"start":{"line":28,"column":16},"end":{"line":31,"column":23}},{"start":{"line":31,"column":18},"end":{"line":36,"column":null}}],"line":27},"3":{"loc":{"start":{"line":31,"column":18},"end":{"line":36,"column":null}},"type":"cond-expr","locations":[{"start":{"line":32,"column":16},"end":{"line":36,"column":17}},{"start":{"line":36,"column":16},"end":{"line":36,"column":null}}],"line":31}},"s":{"0":1,"1":13,"2":36,"3":36,"4":1},"f":{"0":13,"1":36},"b":{"0":[13],"1":[13,13],"2":[13,23],"3":[21,2]},"meta":{"lastBranch":4,"lastFunction":2,"lastStatement":5,"seen":{"s:15:6:44:Infinity":0,"f:15:19:15:Infinity":0,"s:17:4:44:Infinity":1,"b:16:38:16:52":0,"b:20:30:20:43:20:43:20:46":1,"f:23:15:23:20":1,"s:24:28:24:Infinity":2,"s:25:10:38:Infinity":3,"b:28:16:31:23:31:18:36:Infinity":2,"b:32:16:36:17:36:16:36:Infinity":3,"s:46:0:46:Infinity":4}}}
,"/Users/asegura/Labs/design-system/src/components/CheckboxField/CheckboxField.module.css": {"path":"/Users/asegura/Labs/design-system/src/components/CheckboxField/CheckboxField.module.css","statementMap":{},"fnMap":{},"branchMap":{},"s":{},"f":{},"b":{},"meta":{"lastBranch":0,"lastFunction":0,"lastStatement":0,"seen":{}}}
,"/Users/asegura/Labs/design-system/src/components/CheckboxField/CheckboxField.tsx": {"path":"/Users/asegura/Labs/design-system/src/components/CheckboxField/CheckboxField.tsx","statementMap":{"0":{"start":{"line":26,"column":6},"end":{"line":70,"column":null}},"1":{"start":{"line":40,"column":33},"end":{"line":40,"column":86}},"2":{"start":{"line":42,"column":4},"end":{"line":66,"column":null}},"3":{"start":{"line":72,"column":0},"end":{"line":72,"column":null}}},"fnMap":{"0":{"name":"(anonymous_0)","decl":{"start":{"line":26,"column":22},"end":{"line":26,"column":null}},"loc":{"start":{"line":39,"column":7},"end":{"line":70,"column":null}},"line":39}},"branchMap":{"0":{"loc":{"start":{"line":32,"column":6},"end":{"line":32,"column":null}},"type":"default-arg","locations":[{"start":{"line":32,"column":13},"end":{"line":32,"column":null}}],"line":32},"1":{"loc":{"start":{"line":33,"column":6},"end":{"line":33,"column":null}},"type":"default-arg","locations":[{"start":{"line":33,"column":17},"end":{"line":33,"column":null}}],"line":33},"2":{"loc":{"start":{"line":43,"column":36},"end":{"line":43,"column":52}},"type":"binary-expr","locations":[{"start":{"line":43,"column":36},"end":{"line":43,"column":49}},{"start":{"line":43,"column":49},"end":{"line":43,"column":52}}],"line":43},"3":{"loc":{"start":{"line":56,"column":38},"end":{"line":56,"column":70}},"type":"cond-expr","locations":[{"start":{"line":56,"column":49},"end":{"line":56,"column":67}},{"start":{"line":56,"column":67},"end":{"line":56,"column":70}}],"line":56},"4":{"loc":{"start":{"line":62,"column":9},"end":{"line":66,"column":null}},"type":"cond-expr","locations":[{"start":{"line":63,"column":10},"end":{"line":64,"column":null}},{"start":{"line":64,"column":12},"end":{"line":66,"column":null}}],"line":62},"5":{"loc":{"start":{"line":64,"column":12},"end":{"line":66,"column":null}},"type":"cond-expr","locations":[{"start":{"line":65,"column":10},"end":{"line":66,"column":null}},{"start":{"line":66,"column":12},"end":{"line":66,"column":null}}],"line":64}},"s":{"0":1,"1":10,"2":10,"3":1},"f":{"0":10},"b":{"0":[10],"1":[10],"2":[10,10],"3":[2,8],"4":[4,6],"5":[1,5]},"meta":{"lastBranch":6,"lastFunction":1,"lastStatement":4,"seen":{"s:26:6:70:Infinity":0,"f:26:22:26:Infinity":0,"b:32:13:32:Infinity":0,"b:33:17:33:Infinity":1,"s:40:33:40:86":1,"s:42:4:66:Infinity":2,"b:43:36:43:49:43:49:43:52":2,"b:56:49:56:67:56:67:56:70":3,"b:63:10:64:Infinity:64:12:66:Infinity":4,"b:65:10:66:Infinity:66:12:66:Infinity":5,"s:72:0:72:Infinity":3}}}
,"/Users/asegura/Labs/design-system/src/components/DataTable/DataTable.module.css": {"path":"/Users/asegura/Labs/design-system/src/components/DataTable/DataTable.module.css","statementMap":{},"fnMap":{},"branchMap":{},"s":{},"f":{},"b":{},"meta":{"lastBranch":0,"lastFunction":0,"lastStatement":0,"seen":{}}}
,"/Users/asegura/Labs/design-system/src/components/DataTable/DataTable.tsx": {"path":"/Users/asegura/Labs/design-system/src/components/DataTable/DataTable.tsx","statementMap":{"0":{"start":{"line":32,"column":43},"end":{"line":36,"column":null}},"1":{"start":{"line":38,"column":6},"end":{"line":41,"column":null}},"2":{"start":{"line":39,"column":2},"end":{"line":41,"column":null}},"3":{"start":{"line":44,"column":6},"end":{"line":47,"column":null}},"4":{"start":{"line":45,"column":2},"end":{"line":47,"column":null}},"5":{"start":{"line":50,"column":6},"end":{"line":53,"column":null}},"6":{"start":{"line":51,"column":2},"end":{"line":53,"column":null}},"7":{"start":{"line":57,"column":6},"end":{"line":210,"column":null}},"8":{"start":{"line":75,"column":8},"end":{"line":75,"column":28}},"9":{"start":{"line":76,"column":27},"end":{"line":76,"column":62}},"10":{"start":{"line":77,"column":26},"end":{"line":77,"column":92}},"11":{"start":{"line":78,"column":26},"end":{"line":78,"column":93}},"12":{"start":{"line":80,"column":18},"end":{"line":80,"column":null}},"13":{"start":{"line":81,"column":24},"end":{"line":81,"column":null}},"14":{"start":{"line":83,"column":8},"end":{"line":97,"column":null}},"15":{"start":{"line":85,"column":6},"end":{"line":85,"column":null}},"16":{"start":{"line":87,"column":4},"end":{"line":89,"column":null}},"17":{"start":{"line":88,"column":6},"end":{"line":88,"column":null}},"18":{"start":{"line":89,"column":6},"end":{"line":89,"column":null}},"19":{"start":{"line":91,"column":4},"end":{"line":91,"column":null}},"20":{"start":{"line":93,"column":16},"end":{"line":93,"column":50}},"21":{"start":{"line":93,"column":36},"end":{"line":93,"column":50}},"22":{"start":{"line":94,"column":4},"end":{"line":97,"column":null}},"23":{"start":{"line":95,"column":6},"end":{"line":97,"column":null}},"24":{"start":{"line":102,"column":4},"end":{"line":112,"column":null}},"25":{"start":{"line":105,"column":23},"end":{"line":105,"column":null}},"26":{"start":{"line":106,"column":23},"end":{"line":106,"column":null}},"27":{"start":{"line":108,"column":12},"end":{"line":110,"column":68}},"28":{"start":{"line":111,"column":10},"end":{"line":111,"column":null}},"29":{"start":{"line":114,"column":8},"end":{"line":117,"column":null}},"30":{"start":{"line":115,"column":4},"end":{"line":115,"column":null}},"31":{"start":{"line":115,"column":23},"end":{"line":115,"column":null}},"32":{"start":{"line":116,"column":4},"end":{"line":116,"column":null}},"33":{"start":{"line":116,"column":29},"end":{"line":116,"column":null}},"34":{"start":{"line":117,"column":4},"end":{"line":117,"column":null}},"35":{"start":{"line":120,"column":2},"end":{"line":206,"column":null}},"36":{"start":{"line":141,"column":14},"end":{"line":176,"column":null}},"37":{"start":{"line":158,"column":35},"end":{"line":158,"column":54}},"38":{"start":{"line":192,"column":14},"end":{"line":203,"column":null}},"39":{"start":{"line":194,"column":18},"end":{"line":201,"column":null}},"40":{"start":{"line":214,"column":0},"end":{"line":214,"column":null}}},"fnMap":{"0":{"name":"(anonymous_0)","decl":{"start":{"line":38,"column":6},"end":{"line":38,"column":null}},"loc":{"start":{"line":39,"column":2},"end":{"line":41,"column":null}},"line":39},"1":{"name":"(anonymous_1)","decl":{"start":{"line":44,"column":6},"end":{"line":44,"column":null}},"loc":{"start":{"line":45,"column":2},"end":{"line":47,"column":null}},"line":45},"2":{"name":"(anonymous_2)","decl":{"start":{"line":50,"column":6},"end":{"line":50,"column":null}},"loc":{"start":{"line":51,"column":2},"end":{"line":53,"column":null}},"line":51},"3":{"name":"DataTableInner","decl":{"start":{"line":57,"column":38},"end":{"line":57,"column":null}},"loc":{"start":{"line":74,"column":2},"end":{"line":210,"column":null}},"line":74},"4":{"name":"(anonymous_4)","decl":{"start":{"line":83,"column":8},"end":{"line":83,"column":22}},"loc":{"start":{"line":83,"column":38},"end":{"line":97,"column":null}},"line":83},"5":{"name":"(anonymous_5)","decl":{"start":{"line":93,"column":24},"end":{"line":93,"column":30}},"loc":{"start":{"line":93,"column":36},"end":{"line":93,"column":50}},"line":93},"6":{"name":"(anonymous_6)","decl":{"start":{"line":104,"column":18},"end":{"line":104,"column":24}},"loc":{"start":{"line":104,"column":33},"end":{"line":112,"column":null}},"line":104},"7":{"name":"(anonymous_7)","decl":{"start":{"line":114,"column":8},"end":{"line":114,"column":23}},"loc":{"start":{"line":114,"column":85},"end":{"line":117,"column":null}},"line":114},"8":{"name":"(anonymous_8)","decl":{"start":{"line":140,"column":21},"end":{"line":140,"column":26}},"loc":{"start":{"line":141,"column":14},"end":{"line":176,"column":null}},"line":141},"9":{"name":"(anonymous_9)","decl":{"start":{"line":158,"column":20},"end":{"line":158,"column":35}},"loc":{"start":{"line":158,"column":35},"end":{"line":158,"column":54}},"line":158},"10":{"name":"(anonymous_10)","decl":{"start":{"line":191,"column":23},"end":{"line":191,"column":28}},"loc":{"start":{"line":192,"column":14},"end":{"line":203,"column":null}},"line":192},"11":{"name":"(anonymous_11)","decl":{"start":{"line":193,"column":25},"end":{"line":193,"column":30}},"loc":{"start":{"line":194,"column":18},"end":{"line":201,"column":null}},"line":194}},"branchMap":{"0":{"loc":{"start":{"line":65,"column":4},"end":{"line":65,"column":null}},"type":"default-arg","locations":[{"start":{"line":65,"column":27},"end":{"line":65,"column":null}}],"line":65},"1":{"loc":{"start":{"line":70,"column":4},"end":{"line":70,"column":null}},"type":"default-arg","locations":[{"start":{"line":70,"column":19},"end":{"line":70,"column":null}}],"line":70},"2":{"loc":{"start":{"line":80,"column":18},"end":{"line":80,"column":null}},"type":"binary-expr","locations":[{"start":{"line":80,"column":18},"end":{"line":80,"column":39}},{"start":{"line":80,"column":39},"end":{"line":80,"column":null}}],"line":80},"3":{"loc":{"start":{"line":81,"column":24},"end":{"line":81,"column":null}},"type":"binary-expr","locations":[{"start":{"line":81,"column":24},"end":{"line":81,"column":51}},{"start":{"line":81,"column":51},"end":{"line":81,"column":null}}],"line":81},"4":{"loc":{"start":{"line":85,"column":6},"end":{"line":85,"column":null}},"type":"cond-expr","locations":[{"start":{"line":85,"column":51},"end":{"line":85,"column":60}},{"start":{"line":85,"column":60},"end":{"line":85,"column":null}}],"line":85},"5":{"loc":{"start":{"line":85,"column":6},"end":{"line":85,"column":51}},"type":"binary-expr","locations":[{"start":{"line":85,"column":6},"end":{"line":85,"column":25}},{"start":{"line":85,"column":25},"end":{"line":85,"column":51}}],"line":85},"6":{"loc":{"start":{"line":87,"column":4},"end":{"line":89,"column":null}},"type":"if","locations":[{"start":{"line":87,"column":4},"end":{"line":89,"column":null}},{"start":{},"end":{}}],"line":87},"7":{"loc":{"start":{"line":94,"column":4},"end":{"line":97,"column":null}},"type":"if","locations":[{"start":{"line":94,"column":4},"end":{"line":97,"column":null}},{"start":{},"end":{}}],"line":94},"8":{"loc":{"start":{"line":96,"column":42},"end":{"line":96,"column":94}},"type":"cond-expr","locations":[{"start":{"line":96,"column":67},"end":{"line":96,"column":81}},{"start":{"line":96,"column":81},"end":{"line":96,"column":94}}],"line":96},"9":{"loc":{"start":{"line":102,"column":4},"end":{"line":112,"column":null}},"type":"cond-expr","locations":[{"start":{"line":103,"column":8},"end":{"line":103,"column":null}},{"start":{"line":104,"column":8},"end":{"line":112,"column":null}}],"line":102},"10":{"loc":{"start":{"line":102,"column":4},"end":{"line":102,"column":null}},"type":"binary-expr","locations":[{"start":{"line":102,"column":4},"end":{"line":102,"column":39}},{"start":{"line":102,"column":39},"end":{"line":102,"column":null}}],"line":102},"11":{"loc":{"start":{"line":108,"column":12},"end":{"line":110,"column":68}},"type":"cond-expr","locations":[{"start":{"line":109,"column":16},"end":{"line":109,"column":null}},{"start":{"line":110,"column":16},"end":{"line":110,"column":68}}],"line":108},"12":{"loc":{"start":{"line":108,"column":12},"end":{"line":108,"column":null}},"type":"binary-expr","locations":[{"start":{"line":108,"column":12},"end":{"line":108,"column":40}},{"start":{"line":108,"column":40},"end":{"line":108,"column":null}}],"line":108},"13":{"loc":{"start":{"line":110,"column":23},"end":{"line":110,"column":34}},"type":"binary-expr","locations":[{"start":{"line":110,"column":23},"end":{"line":110,"column":31}},{"start":{"line":110,"column":31},"end":{"line":110,"column":34}}],"line":110},"14":{"loc":{"start":{"line":110,"column":56},"end":{"line":110,"column":67}},"type":"binary-expr","locations":[{"start":{"line":110,"column":56},"end":{"line":110,"column":64}},{"start":{"line":110,"column":64},"end":{"line":110,"column":67}}],"line":110},"15":{"loc":{"start":{"line":111,"column":17},"end":{"line":111,"column":null}},"type":"cond-expr","locations":[{"start":{"line":111,"column":43},"end":{"line":111,"column":49}},{"start":{"line":111,"column":49},"end":{"line":111,"column":null}}],"line":111},"16":{"loc":{"start":{"line":115,"column":4},"end":{"line":115,"column":null}},"type":"if","locations":[{"start":{"line":115,"column":4},"end":{"line":115,"column":null}},{"start":{},"end":{}}],"line":115},"17":{"loc":{"start":{"line":116,"column":4},"end":{"line":116,"column":null}},"type":"if","locations":[{"start":{"line":116,"column":4},"end":{"line":116,"column":null}},{"start":{},"end":{}}],"line":116},"18":{"loc":{"start":{"line":117,"column":11},"end":{"line":117,"column":null}},"type":"cond-expr","locations":[{"start":{"line":117,"column":37},"end":{"line":117,"column":51}},{"start":{"line":117,"column":51},"end":{"line":117,"column":null}}],"line":117},"19":{"loc":{"start":{"line":123,"column":34},"end":{"line":123,"column":50}},"type":"binary-expr","locations":[{"start":{"line":123,"column":34},"end":{"line":123,"column":47}},{"start":{"line":123,"column":47},"end":{"line":123,"column":50}}],"line":123},"20":{"loc":{"start":{"line":146,"column":18},"end":{"line":146,"column":null}},"type":"cond-expr","locations":[{"start":{"line":146,"column":33},"end":{"line":146,"column":53}},{"start":{"line":146,"column":53},"end":{"line":146,"column":null}}],"line":146},"21":{"loc":{"start":{"line":147,"column":18},"end":{"line":147,"column":null}},"type":"cond-expr","locations":[{"start":{"line":147,"column":40},"end":{"line":147,"column":58}},{"start":{"line":147,"column":58},"end":{"line":147,"column":null}}],"line":147},"22":{"loc":{"start":{"line":148,"column":29},"end":{"line":148,"column":null}},"type":"binary-expr","locations":[{"start":{"line":148,"column":29},"end":{"line":148,"column":42}},{"start":{"line":148,"column":42},"end":{"line":148,"column":null}}],"line":148},"23":{"loc":{"start":{"line":154,"column":17},"end":{"line":174,"column":null}},"type":"cond-expr","locations":[{"start":{"line":155,"column":18},"end":{"line":174,"column":22}},{"start":{"line":174,"column":18},"end":{"line":174,"column":null}}],"line":154},"24":{"loc":{"start":{"line":162,"column":23},"end":{"line":169,"column":null}},"type":"cond-expr","locations":[{"start":{"line":163,"column":24},"end":{"line":169,"column":25}},{"start":{"line":169,"column":24},"end":{"line":169,"column":null}}],"line":162},"25":{"loc":{"start":{"line":163,"column":24},"end":{"line":169,"column":25}},"type":"cond-expr","locations":[{"start":{"line":164,"column":26},"end":{"line":166,"column":27}},{"start":{"line":166,"column":26},"end":{"line":169,"column":25}}],"line":163},"26":{"loc":{"start":{"line":181,"column":11},"end":{"line":203,"column":null}},"type":"cond-expr","locations":[{"start":{"line":182,"column":12},"end":{"line":191,"column":23}},{"start":{"line":191,"column":12},"end":{"line":203,"column":null}}],"line":181},"27":{"loc":{"start":{"line":196,"column":54},"end":{"line":196,"column":75}},"type":"binary-expr","locations":[{"start":{"line":196,"column":54},"end":{"line":196,"column":67}},{"start":{"line":196,"column":67},"end":{"line":196,"column":75}}],"line":196},"28":{"loc":{"start":{"line":200,"column":21},"end":{"line":200,"column":null}},"type":"cond-expr","locations":[{"start":{"line":200,"column":34},"end":{"line":200,"column":63}},{"start":{"line":200,"column":66},"end":{"line":200,"column":null}}],"line":200},"29":{"loc":{"start":{"line":200,"column":73},"end":{"line":200,"column":null}},"type":"binary-expr","locations":[{"start":{"line":200,"column":73},"end":{"line":200,"column":89}},{"start":{"line":200,"column":89},"end":{"line":200,"column":null}}],"line":200},"30":{"loc":{"start":{"line":192,"column":23},"end":{"line":192,"column":74}},"type":"cond-expr","locations":[{"start":{"line":192,"column":32},"end":{"line":192,"column":61}},{"start":{"line":192,"column":64},"end":{"line":192,"column":74}}],"line":192}},"s":{"0":1,"1":1,"2":4,"3":1,"4":0,"5":1,"6":28,"7":1,"8":18,"9":18,"10":18,"11":18,"12":18,"13":18,"14":18,"15":4,"16":4,"17":4,"18":4,"19":4,"20":4,"21":4,"22":4,"23":4,"24":18,"25":8,"26":8,"27":8,"28":8,"29":18,"30":51,"31":19,"32":32,"33":28,"34":4,"35":18,"36":51,"37":4,"38":46,"39":133,"40":1},"f":{"0":4,"1":0,"2":28,"3":18,"4":4,"5":4,"6":8,"7":51,"8":51,"9":4,"10":46,"11":133},"b":{"0":[18],"1":[18],"2":[18,18],"3":[18,18],"4":[0,4],"5":[4,0],"6":[4,0],"7":[4,0],"8":[4,0],"9":[14,4],"10":[18,18],"11":[0,8],"12":[8,0],"13":[8,0],"14":[8,0],"15":[8,0],"16":[19,32],"17":[28,4],"18":[4,0],"19":[18,18],"20":[32,19],"21":[4,47],"22":[51,35],"23":[32,19],"24":[4,28],"25":[4,0],"26":[2,16],"27":[133,91],"28":[4,129],"29":[129,0],"30":[0,46]},"meta":{"lastBranch":31,"lastFunction":12,"lastStatement":41,"seen":{"s:32:43:36:Infinity":0,"s:38:6:41:Infinity":1,"f:38:6:38:Infinity":0,"s:39:2:41:Infinity":2,"s:44:6:47:Infinity":3,"f:44:6:44:Infinity":1,"s:45:2:47:Infinity":4,"s:50:6:53:Infinity":5,"f:50:6:50:Infinity":2,"s:51:2:53:Infinity":6,"s:57:6:210:Infinity":7,"f:57:38:57:Infinity":3,"b:65:27:65:Infinity":0,"b:70:19:70:Infinity":1,"s:75:8:75:28":8,"s:76:27:76:62":9,"s:77:26:77:92":10,"s:78:26:78:93":11,"s:80:18:80:Infinity":12,"b:80:18:80:39:80:39:80:Infinity":2,"s:81:24:81:Infinity":13,"b:81:24:81:51:81:51:81:Infinity":3,"s:83:8:97:Infinity":14,"f:83:8:83:22":4,"s:85:6:85:Infinity":15,"b:85:51:85:60:85:60:85:Infinity":4,"b:85:6:85:25:85:25:85:51":5,"b:87:4:89:Infinity:undefined:undefined:undefined:undefined":6,"s:87:4:89:Infinity":16,"s:88:6:88:Infinity":17,"s:89:6:89:Infinity":18,"s:91:4:91:Infinity":19,"s:93:16:93:50":20,"f:93:24:93:30":5,"s:93:36:93:50":21,"b:94:4:97:Infinity:undefined:undefined:undefined:undefined":7,"s:94:4:97:Infinity":22,"s:95:6:97:Infinity":23,"b:96:67:96:81:96:81:96:94":8,"s:102:4:112:Infinity":24,"b:103:8:103:Infinity:104:8:112:Infinity":9,"b:102:4:102:39:102:39:102:Infinity":10,"f:104:18:104:24":6,"s:105:23:105:Infinity":25,"s:106:23:106:Infinity":26,"s:108:12:110:68":27,"b:109:16:109:Infinity:110:16:110:68":11,"b:108:12:108:40:108:40:108:Infinity":12,"b:110:23:110:31:110:31:110:34":13,"b:110:56:110:64:110:64:110:67":14,"s:111:10:111:Infinity":28,"b:111:43:111:49:111:49:111:Infinity":15,"s:114:8:117:Infinity":29,"f:114:8:114:23":7,"b:115:4:115:Infinity:undefined:undefined:undefined:undefined":16,"s:115:4:115:Infinity":30,"s:115:23:115:Infinity":31,"b:116:4:116:Infinity:undefined:undefined:undefined:undefined":17,"s:116:4:116:Infinity":32,"s:116:29:116:Infinity":33,"s:117:4:117:Infinity":34,"b:117:37:117:51:117:51:117:Infinity":18,"s:120:2:206:Infinity":35,"b:123:34:123:47:123:47:123:50":19,"f:140:21:140:26":8,"s:141:14:176:Infinity":36,"b:146:33:146:53:146:53:146:Infinity":20,"b:147:40:147:58:147:58:147:Infinity":21,"b:148:29:148:42:148:42:148:Infinity":22,"b:155:18:174:22:174:18:174:Infinity":23,"f:158:20:158:35":9,"s:158:35:158:54":37,"b:163:24:169:25:169:24:169:Infinity":24,"b:164:26:166:27:166:26:169:25":25,"b:182:12:191:23:191:12:203:Infinity":26,"f:191:23:191:28":10,"s:192:14:203:Infinity":38,"f:193:25:193:30":11,"s:194:18:201:Infinity":39,"b:196:54:196:67:196:67:196:75":27,"b:200:34:200:63:200:66:200:Infinity":28,"b:200:73:200:89:200:89:200:Infinity":29,"b:192:32:192:61:192:64:192:74":30,"s:214:0:214:Infinity":40}}}
,"/Users/asegura/Labs/design-system/src/components/DateField/DateField.module.css": {"path":"/Users/asegura/Labs/design-system/src/components/DateField/DateField.module.css","statementMap":{},"fnMap":{},"branchMap":{},"s":{},"f":{},"b":{},"meta":{"lastBranch":0,"lastFunction":0,"lastStatement":0,"seen":{}}}
,"/Users/asegura/Labs/design-system/src/components/DateField/DateField.tsx": {"path":"/Users/asegura/Labs/design-system/src/components/DateField/DateField.tsx","statementMap":{"0":{"start":{"line":28,"column":6},"end":{"line":75,"column":null}},"1":{"start":{"line":44,"column":33},"end":{"line":44,"column":86}},"2":{"start":{"line":46,"column":4},"end":{"line":71,"column":null}},"3":{"start":{"line":77,"column":0},"end":{"line":77,"column":null}}},"fnMap":{"0":{"name":"(anonymous_0)","decl":{"start":{"line":28,"column":18},"end":{"line":28,"column":null}},"loc":{"start":{"line":43,"column":7},"end":{"line":75,"column":null}},"line":43}},"branchMap":{"0":{"loc":{"start":{"line":34,"column":6},"end":{"line":34,"column":null}},"type":"default-arg","locations":[{"start":{"line":34,"column":13},"end":{"line":34,"column":null}}],"line":34},"1":{"loc":{"start":{"line":35,"column":6},"end":{"line":35,"column":null}},"type":"default-arg","locations":[{"start":{"line":35,"column":17},"end":{"line":35,"column":null}}],"line":35},"2":{"loc":{"start":{"line":36,"column":6},"end":{"line":36,"column":null}},"type":"default-arg","locations":[{"start":{"line":36,"column":17},"end":{"line":36,"column":null}}],"line":36},"3":{"loc":{"start":{"line":47,"column":36},"end":{"line":47,"column":52}},"type":"binary-expr","locations":[{"start":{"line":47,"column":36},"end":{"line":47,"column":49}},{"start":{"line":47,"column":49},"end":{"line":47,"column":52}}],"line":47},"4":{"loc":{"start":{"line":67,"column":9},"end":{"line":71,"column":null}},"type":"cond-expr","locations":[{"start":{"line":68,"column":10},"end":{"line":69,"column":null}},{"start":{"line":69,"column":12},"end":{"line":71,"column":null}}],"line":67},"5":{"loc":{"start":{"line":69,"column":12},"end":{"line":71,"column":null}},"type":"cond-expr","locations":[{"start":{"line":70,"column":10},"end":{"line":71,"column":null}},{"start":{"line":71,"column":12},"end":{"line":71,"column":null}}],"line":69}},"s":{"0":1,"1":16,"2":16,"3":1},"f":{"0":16},"b":{"0":[16],"1":[16],"2":[16],"3":[16,16],"4":[5,11],"5":[2,9]},"meta":{"lastBranch":6,"lastFunction":1,"lastStatement":4,"seen":{"s:28:6:75:Infinity":0,"f:28:18:28:Infinity":0,"b:34:13:34:Infinity":0,"b:35:17:35:Infinity":1,"b:36:17:36:Infinity":2,"s:44:33:44:86":1,"s:46:4:71:Infinity":2,"b:47:36:47:49:47:49:47:52":3,"b:68:10:69:Infinity:69:12:71:Infinity":4,"b:70:10:71:Infinity:71:12:71:Infinity":5,"s:77:0:77:Infinity":3}}}
,"/Users/asegura/Labs/design-system/src/components/DonutChart/DonutChart.module.css": {"path":"/Users/asegura/Labs/design-system/src/components/DonutChart/DonutChart.module.css","statementMap":{},"fnMap":{},"branchMap":{},"s":{},"f":{},"b":{},"meta":{"lastBranch":0,"lastFunction":0,"lastStatement":0,"seen":{}}}
,"/Users/asegura/Labs/design-system/src/components/DonutChart/DonutChart.tsx": {"path":"/Users/asegura/Labs/design-system/src/components/DonutChart/DonutChart.tsx","statementMap":{"0":{"start":{"line":18,"column":23},"end":{"line":25,"column":null}},"1":{"start":{"line":27,"column":11},"end":{"line":27,"column":null}},"2":{"start":{"line":28,"column":11},"end":{"line":28,"column":null}},"3":{"start":{"line":29,"column":10},"end":{"line":29,"column":null}},"4":{"start":{"line":30,"column":17},"end":{"line":30,"column":null}},"5":{"start":{"line":31,"column":22},"end":{"line":31,"column":null}},"6":{"start":{"line":33,"column":6},"end":{"line":126,"column":null}},"7":{"start":{"line":35,"column":10},"end":{"line":35,"column":27}},"8":{"start":{"line":37,"column":18},"end":{"line":37,"column":59}},"9":{"start":{"line":37,"column":44},"end":{"line":37,"column":57}},"10":{"start":{"line":39,"column":4},"end":{"line":42,"column":null}},"11":{"start":{"line":40,"column":6},"end":{"line":42,"column":null}},"12":{"start":{"line":47,"column":17},"end":{"line":47,"column":null}},"13":{"start":{"line":49,"column":4},"end":{"line":122,"column":null}},"14":{"start":{"line":72,"column":29},"end":{"line":72,"column":null}},"15":{"start":{"line":73,"column":31},"end":{"line":73,"column":null}},"16":{"start":{"line":74,"column":12},"end":{"line":74,"column":null}},"17":{"start":{"line":76,"column":12},"end":{"line":90,"column":null}},"18":{"start":{"line":110,"column":12},"end":{"line":120,"column":null}},"19":{"start":{"line":128,"column":0},"end":{"line":128,"column":null}}},"fnMap":{"0":{"name":"(anonymous_0)","decl":{"start":{"line":33,"column":19},"end":{"line":33,"column":null}},"loc":{"start":{"line":34,"column":72},"end":{"line":126,"column":null}},"line":34},"1":{"name":"(anonymous_1)","decl":{"start":{"line":37,"column":27},"end":{"line":37,"column":35}},"loc":{"start":{"line":37,"column":44},"end":{"line":37,"column":57}},"line":37},"2":{"name":"(anonymous_2)","decl":{"start":{"line":71,"column":20},"end":{"line":71,"column":25}},"loc":{"start":{"line":71,"column":36},"end":{"line":92,"column":null}},"line":71},"3":{"name":"(anonymous_3)","decl":{"start":{"line":109,"column":20},"end":{"line":109,"column":25}},"loc":{"start":{"line":110,"column":12},"end":{"line":120,"column":null}},"line":110}},"branchMap":{"0":{"loc":{"start":{"line":39,"column":4},"end":{"line":42,"column":null}},"type":"if","locations":[{"start":{"line":39,"column":4},"end":{"line":42,"column":null}},{"start":{},"end":{}}],"line":39},"1":{"loc":{"start":{"line":39,"column":8},"end":{"line":39,"column":46}},"type":"binary-expr","locations":[{"start":{"line":39,"column":8},"end":{"line":39,"column":33}},{"start":{"line":39,"column":33},"end":{"line":39,"column":46}}],"line":39},"2":{"loc":{"start":{"line":41,"column":39},"end":{"line":41,"column":55}},"type":"binary-expr","locations":[{"start":{"line":41,"column":39},"end":{"line":41,"column":52}},{"start":{"line":41,"column":52},"end":{"line":41,"column":55}}],"line":41},"3":{"loc":{"start":{"line":50,"column":36},"end":{"line":50,"column":52}},"type":"binary-expr","locations":[{"start":{"line":50,"column":36},"end":{"line":50,"column":49}},{"start":{"line":50,"column":49},"end":{"line":50,"column":52}}],"line":50},"4":{"loc":{"start":{"line":83,"column":24},"end":{"line":83,"column":null}},"type":"binary-expr","locations":[{"start":{"line":83,"column":24},"end":{"line":83,"column":37}},{"start":{"line":83,"column":37},"end":{"line":83,"column":null}}],"line":83},"5":{"loc":{"start":{"line":95,"column":11},"end":{"line":98,"column":null}},"type":"binary-expr","locations":[{"start":{"line":95,"column":11},"end":{"line":95,"column":null}},{"start":{"line":96,"column":12},"end":{"line":98,"column":null}}],"line":95},"6":{"loc":{"start":{"line":96,"column":34},"end":{"line":96,"column":59}},"type":"cond-expr","locations":[{"start":{"line":96,"column":51},"end":{"line":96,"column":55}},{"start":{"line":96,"column":55},"end":{"line":96,"column":59}}],"line":96},"7":{"loc":{"start":{"line":100,"column":11},"end":{"line":103,"column":null}},"type":"binary-expr","locations":[{"start":{"line":100,"column":11},"end":{"line":100,"column":null}},{"start":{"line":101,"column":12},"end":{"line":103,"column":null}}],"line":100},"8":{"loc":{"start":{"line":113,"column":37},"end":{"line":113,"column":93}},"type":"binary-expr","locations":[{"start":{"line":113,"column":37},"end":{"line":113,"column":50}},{"start":{"line":113,"column":50},"end":{"line":113,"column":93}}],"line":113}},"s":{"0":1,"1":1,"2":1,"3":1,"4":1,"5":1,"6":1,"7":8,"8":8,"9":21,"10":8,"11":1,"12":7,"13":7,"14":21,"15":21,"16":21,"17":21,"18":21,"19":1},"f":{"0":8,"1":21,"2":21,"3":21},"b":{"0":[1,7],"1":[8,7],"2":[1,1],"3":[7,7],"4":[21,21],"5":[8,2],"6":[1,1],"7":[8,1],"8":[21,21]},"meta":{"lastBranch":9,"lastFunction":4,"lastStatement":20,"seen":{"s:18:23:25:Infinity":0,"s:27:11:27:Infinity":1,"s:28:11:28:Infinity":2,"s:29:10:29:Infinity":3,"s:30:17:30:Infinity":4,"s:31:22:31:Infinity":5,"s:33:6:126:Infinity":6,"f:33:19:33:Infinity":0,"s:35:10:35:27":7,"s:37:18:37:59":8,"f:37:27:37:35":1,"s:37:44:37:57":9,"b:39:4:42:Infinity:undefined:undefined:undefined:undefined":0,"s:39:4:42:Infinity":10,"b:39:8:39:33:39:33:39:46":1,"s:40:6:42:Infinity":11,"b:41:39:41:52:41:52:41:55":2,"s:47:17:47:Infinity":12,"s:49:4:122:Infinity":13,"b:50:36:50:49:50:49:50:52":3,"f:71:20:71:25":2,"s:72:29:72:Infinity":14,"s:73:31:73:Infinity":15,"s:74:12:74:Infinity":16,"s:76:12:90:Infinity":17,"b:83:24:83:37:83:37:83:Infinity":4,"b:95:11:95:Infinity:96:12:98:Infinity":5,"b:96:51:96:55:96:55:96:59":6,"b:100:11:100:Infinity:101:12:103:Infinity":7,"f:109:20:109:25":3,"s:110:12:120:Infinity":18,"b:113:37:113:50:113:50:113:93":8,"s:128:0:128:Infinity":19}}}
,"/Users/asegura/Labs/design-system/src/components/EmailField/EmailField.module.css": {"path":"/Users/asegura/Labs/design-system/src/components/EmailField/EmailField.module.css","statementMap":{},"fnMap":{},"branchMap":{},"s":{},"f":{},"b":{},"meta":{"lastBranch":0,"lastFunction":0,"lastStatement":0,"seen":{}}}
,"/Users/asegura/Labs/design-system/src/components/EmailField/EmailField.tsx": {"path":"/Users/asegura/Labs/design-system/src/components/EmailField/EmailField.tsx","statementMap":{"0":{"start":{"line":24,"column":6},"end":{"line":57,"column":null}},"1":{"start":{"line":29,"column":33},"end":{"line":29,"column":86}},"2":{"start":{"line":31,"column":4},"end":{"line":53,"column":null}},"3":{"start":{"line":59,"column":0},"end":{"line":59,"column":null}}},"fnMap":{"0":{"name":"(anonymous_0)","decl":{"start":{"line":24,"column":19},"end":{"line":24,"column":null}},"loc":{"start":{"line":28,"column":7},"end":{"line":57,"column":null}},"line":28}},"branchMap":{"0":{"loc":{"start":{"line":26,"column":26},"end":{"line":26,"column":39}},"type":"default-arg","locations":[{"start":{"line":26,"column":33},"end":{"line":26,"column":39}}],"line":26},"1":{"loc":{"start":{"line":26,"column":39},"end":{"line":26,"column":57}},"type":"default-arg","locations":[{"start":{"line":26,"column":50},"end":{"line":26,"column":57}}],"line":26},"2":{"loc":{"start":{"line":26,"column":57},"end":{"line":26,"column":75}},"type":"default-arg","locations":[{"start":{"line":26,"column":68},"end":{"line":26,"column":75}}],"line":26},"3":{"loc":{"start":{"line":32,"column":36},"end":{"line":32,"column":52}},"type":"binary-expr","locations":[{"start":{"line":32,"column":36},"end":{"line":32,"column":49}},{"start":{"line":32,"column":49},"end":{"line":32,"column":52}}],"line":32},"4":{"loc":{"start":{"line":49,"column":9},"end":{"line":53,"column":null}},"type":"cond-expr","locations":[{"start":{"line":50,"column":10},"end":{"line":51,"column":null}},{"start":{"line":51,"column":12},"end":{"line":53,"column":null}}],"line":49},"5":{"loc":{"start":{"line":51,"column":12},"end":{"line":53,"column":null}},"type":"cond-expr","locations":[{"start":{"line":52,"column":10},"end":{"line":53,"column":null}},{"start":{"line":53,"column":12},"end":{"line":53,"column":null}}],"line":51}},"s":{"0":1,"1":15,"2":15,"3":1},"f":{"0":15},"b":{"0":[15],"1":[15],"2":[15],"3":[15,15],"4":[4,11],"5":[3,8]},"meta":{"lastBranch":6,"lastFunction":1,"lastStatement":4,"seen":{"s:24:6:57:Infinity":0,"f:24:19:24:Infinity":0,"b:26:33:26:39":0,"b:26:50:26:57":1,"b:26:68:26:75":2,"s:29:33:29:86":1,"s:31:4:53:Infinity":2,"b:32:36:32:49:32:49:32:52":3,"b:50:10:51:Infinity:51:12:53:Infinity":4,"b:52:10:53:Infinity:53:12:53:Infinity":5,"s:59:0:59:Infinity":3}}}
,"/Users/asegura/Labs/design-system/src/components/LineChart/LineChart.module.css": {"path":"/Users/asegura/Labs/design-system/src/components/LineChart/LineChart.module.css","statementMap":{},"fnMap":{},"branchMap":{},"s":{},"f":{},"b":{},"meta":{"lastBranch":0,"lastFunction":0,"lastStatement":0,"seen":{}}}
,"/Users/asegura/Labs/design-system/src/components/LineChart/LineChart.tsx": {"path":"/Users/asegura/Labs/design-system/src/components/LineChart/LineChart.tsx","statementMap":{"0":{"start":{"line":25,"column":14},"end":{"line":25,"column":null}},"1":{"start":{"line":26,"column":14},"end":{"line":26,"column":null}},"2":{"start":{"line":27,"column":10},"end":{"line":27,"column":null}},"3":{"start":{"line":28,"column":11},"end":{"line":28,"column":null}},"4":{"start":{"line":29,"column":11},"end":{"line":29,"column":null}},"5":{"start":{"line":30,"column":19},"end":{"line":30,"column":null}},"6":{"start":{"line":33,"column":2},"end":{"line":33,"column":null}},"7":{"start":{"line":33,"column":22},"end":{"line":33,"column":null}},"8":{"start":{"line":34,"column":2},"end":{"line":34,"column":null}},"9":{"start":{"line":34,"column":18},"end":{"line":34,"column":null}},"10":{"start":{"line":35,"column":2},"end":{"line":35,"column":null}},"11":{"start":{"line":39,"column":2},"end":{"line":39,"column":null}},"12":{"start":{"line":42,"column":6},"end":{"line":177,"column":null}},"13":{"start":{"line":44,"column":10},"end":{"line":44,"column":27}},"14":{"start":{"line":45,"column":20},"end":{"line":45,"column":83}},"15":{"start":{"line":45,"column":63},"end":{"line":45,"column":83}},"16":{"start":{"line":47,"column":4},"end":{"line":50,"column":null}},"17":{"start":{"line":48,"column":6},"end":{"line":50,"column":null}},"18":{"start":{"line":55,"column":22},"end":{"line":55,"column":71}},"19":{"start":{"line":55,"column":44},"end":{"line":55,"column":70}},"20":{"start":{"line":55,"column":62},"end":{"line":55,"column":70}},"21":{"start":{"line":56,"column":21},"end":{"line":56,"column":46}},"22":{"start":{"line":57,"column":19},"end":{"line":57,"column":53}},"23":{"start":{"line":57,"column":45},"end":{"line":57,"column":53}},"24":{"start":{"line":58,"column":14},"end":{"line":58,"column":null}},"25":{"start":{"line":60,"column":10},"end":{"line":61,"column":null}},"26":{"start":{"line":61,"column":6},"end":{"line":61,"column":null}},"27":{"start":{"line":62,"column":10},"end":{"line":63,"column":null}},"28":{"start":{"line":63,"column":6},"end":{"line":63,"column":null}},"29":{"start":{"line":65,"column":4},"end":{"line":172,"column":null}},"30":{"start":{"line":80,"column":24},"end":{"line":80,"column":null}},"31":{"start":{"line":81,"column":22},"end":{"line":81,"column":null}},"32":{"start":{"line":82,"column":24},"end":{"line":82,"column":null}},"33":{"start":{"line":83,"column":12},"end":{"line":102,"column":null}},"34":{"start":{"line":108,"column":26},"end":{"line":108,"column":44}},"35":{"start":{"line":109,"column":35},"end":{"line":109,"column":null}},"36":{"start":{"line":110,"column":24},"end":{"line":110,"column":85}},"37":{"start":{"line":110,"column":45},"end":{"line":110,"column":75}},"38":{"start":{"line":112,"column":14},"end":{"line":112,"column":null}},"39":{"start":{"line":114,"column":12},"end":{"line":132,"column":null}},"40":{"start":{"line":128,"column":18},"end":{"line":130,"column":null}},"41":{"start":{"line":138,"column":12},"end":{"line":146,"column":null}},"42":{"start":{"line":163,"column":14},"end":{"line":170,"column":null}},"43":{"start":{"line":179,"column":0},"end":{"line":179,"column":null}}},"fnMap":{"0":{"name":"formatNum","decl":{"start":{"line":32,"column":9},"end":{"line":32,"column":19}},"loc":{"start":{"line":32,"column":38},"end":{"line":35,"column":null}},"line":32},"1":{"name":"seriesColor","decl":{"start":{"line":38,"column":9},"end":{"line":38,"column":21}},"loc":{"start":{"line":38,"column":64},"end":{"line":39,"column":null}},"line":38},"2":{"name":"(anonymous_2)","decl":{"start":{"line":42,"column":18},"end":{"line":42,"column":null}},"loc":{"start":{"line":43,"column":75},"end":{"line":177,"column":null}},"line":43},"3":{"name":"(anonymous_3)","decl":{"start":{"line":45,"column":50},"end":{"line":45,"column":57}},"loc":{"start":{"line":45,"column":63},"end":{"line":45,"column":83}},"line":45},"4":{"name":"(anonymous_4)","decl":{"start":{"line":55,"column":29},"end":{"line":55,"column":38}},"loc":{"start":{"line":55,"column":44},"end":{"line":55,"column":70}},"line":55},"5":{"name":"(anonymous_5)","decl":{"start":{"line":55,"column":51},"end":{"line":55,"column":56}},"loc":{"start":{"line":55,"column":62},"end":{"line":55,"column":70}},"line":55},"6":{"name":"(anonymous_6)","decl":{"start":{"line":57,"column":34},"end":{"line":57,"column":39}},"loc":{"start":{"line":57,"column":45},"end":{"line":57,"column":53}},"line":57},"7":{"name":"(anonymous_7)","decl":{"start":{"line":60,"column":10},"end":{"line":60,"column":18}},"loc":{"start":{"line":61,"column":6},"end":{"line":61,"column":null}},"line":61},"8":{"name":"(anonymous_8)","decl":{"start":{"line":62,"column":10},"end":{"line":62,"column":18}},"loc":{"start":{"line":63,"column":6},"end":{"line":63,"column":null}},"line":63},"9":{"name":"(anonymous_9)","decl":{"start":{"line":79,"column":48},"end":{"line":79,"column":51}},"loc":{"start":{"line":79,"column":60},"end":{"line":104,"column":null}},"line":79},"10":{"name":"(anonymous_10)","decl":{"start":{"line":107,"column":18},"end":{"line":107,"column":23}},"loc":{"start":{"line":107,"column":33},"end":{"line":134,"column":null}},"line":107},"11":{"name":"(anonymous_11)","decl":{"start":{"line":110,"column":31},"end":{"line":110,"column":36}},"loc":{"start":{"line":110,"column":45},"end":{"line":110,"column":75}},"line":110},"12":{"name":"(anonymous_12)","decl":{"start":{"line":127,"column":24},"end":{"line":127,"column":29}},"loc":{"start":{"line":128,"column":18},"end":{"line":130,"column":null}},"line":128},"13":{"name":"(anonymous_13)","decl":{"start":{"line":137,"column":18},"end":{"line":137,"column":23}},"loc":{"start":{"line":138,"column":12},"end":{"line":146,"column":null}},"line":138},"14":{"name":"(anonymous_14)","decl":{"start":{"line":162,"column":20},"end":{"line":162,"column":25}},"loc":{"start":{"line":163,"column":14},"end":{"line":170,"column":null}},"line":163}},"branchMap":{"0":{"loc":{"start":{"line":33,"column":2},"end":{"line":33,"column":null}},"type":"if","locations":[{"start":{"line":33,"column":2},"end":{"line":33,"column":null}},{"start":{},"end":{}}],"line":33},"1":{"loc":{"start":{"line":34,"column":2},"end":{"line":34,"column":null}},"type":"if","locations":[{"start":{"line":34,"column":2},"end":{"line":34,"column":null}},{"start":{},"end":{}}],"line":34},"2":{"loc":{"start":{"line":39,"column":9},"end":{"line":39,"column":null}},"type":"binary-expr","locations":[{"start":{"line":39,"column":9},"end":{"line":39,"column":20}},{"start":{"line":39,"column":20},"end":{"line":39,"column":null}}],"line":39},"3":{"loc":{"start":{"line":43,"column":30},"end":{"line":43,"column":54}},"type":"default-arg","locations":[{"start":{"line":43,"column":47},"end":{"line":43,"column":54}}],"line":43},"4":{"loc":{"start":{"line":45,"column":20},"end":{"line":45,"column":83}},"type":"binary-expr","locations":[{"start":{"line":45,"column":20},"end":{"line":45,"column":43}},{"start":{"line":45,"column":43},"end":{"line":45,"column":83}}],"line":45},"5":{"loc":{"start":{"line":47,"column":4},"end":{"line":50,"column":null}},"type":"if","locations":[{"start":{"line":47,"column":4},"end":{"line":50,"column":null}},{"start":{},"end":{}}],"line":47},"6":{"loc":{"start":{"line":49,"column":39},"end":{"line":49,"column":55}},"type":"binary-expr","locations":[{"start":{"line":49,"column":39},"end":{"line":49,"column":52}},{"start":{"line":49,"column":52},"end":{"line":49,"column":55}}],"line":49},"7":{"loc":{"start":{"line":61,"column":6},"end":{"line":61,"column":null}},"type":"cond-expr","locations":[{"start":{"line":61,"column":16},"end":{"line":61,"column":34}},{"start":{"line":61,"column":34},"end":{"line":61,"column":null}}],"line":61},"8":{"loc":{"start":{"line":63,"column":20},"end":{"line":63,"column":null}},"type":"cond-expr","locations":[{"start":{"line":63,"column":36},"end":{"line":63,"column":57}},{"start":{"line":63,"column":57},"end":{"line":63,"column":null}}],"line":63},"9":{"loc":{"start":{"line":68,"column":36},"end":{"line":68,"column":52}},"type":"binary-expr","locations":[{"start":{"line":68,"column":36},"end":{"line":68,"column":49}},{"start":{"line":68,"column":49},"end":{"line":68,"column":52}}],"line":68},"10":{"loc":{"start":{"line":109,"column":35},"end":{"line":109,"column":null}},"type":"binary-expr","locations":[{"start":{"line":109,"column":35},"end":{"line":109,"column":49}},{"start":{"line":109,"column":49},"end":{"line":109,"column":null}}],"line":109},"11":{"loc":{"start":{"line":116,"column":17},"end":{"line":117,"column":null}},"type":"binary-expr","locations":[{"start":{"line":116,"column":17},"end":{"line":116,"column":null}},{"start":{"line":117,"column":18},"end":{"line":117,"column":null}}],"line":116},"12":{"loc":{"start":{"line":160,"column":9},"end":{"line":172,"column":null}},"type":"binary-expr","locations":[{"start":{"line":160,"column":9},"end":{"line":160,"column":null}},{"start":{"line":161,"column":10},"end":{"line":172,"column":null}}],"line":160}},"s":{"0":1,"1":1,"2":1,"3":1,"4":1,"5":1,"6":65,"7":4,"8":61,"9":61,"10":46,"11":25,"12":1,"13":14,"14":14,"15":14,"16":14,"17":1,"18":13,"19":17,"20":48,"21":13,"22":13,"23":36,"24":13,"25":13,"26":166,"27":13,"28":96,"29":13,"30":65,"31":65,"32":65,"33":65,"34":17,"35":17,"36":17,"37":48,"38":17,"39":17,"40":48,"41":36,"42":8,"43":1},"f":{"0":65,"1":25,"2":14,"3":14,"4":17,"5":48,"6":36,"7":166,"8":96,"9":65,"10":17,"11":48,"12":48,"13":36,"14":8},"b":{"0":[4,61],"1":[15,46],"2":[25,25],"3":[14],"4":[14,14],"5":[1,13],"6":[1,1],"7":[5,161],"8":[96,0],"9":[13,13],"10":[17,16],"11":[17,4],"12":[14,4]},"meta":{"lastBranch":13,"lastFunction":15,"lastStatement":44,"seen":{"s:25:14:25:Infinity":0,"s:26:14:26:Infinity":1,"s:27:10:27:Infinity":2,"s:28:11:28:Infinity":3,"s:29:11:29:Infinity":4,"s:30:19:30:Infinity":5,"f:32:9:32:19":0,"b:33:2:33:Infinity:undefined:undefined:undefined:undefined":0,"s:33:2:33:Infinity":6,"s:33:22:33:Infinity":7,"b:34:2:34:Infinity:undefined:undefined:undefined:undefined":1,"s:34:2:34:Infinity":8,"s:34:18:34:Infinity":9,"s:35:2:35:Infinity":10,"f:38:9:38:21":1,"s:39:2:39:Infinity":11,"b:39:9:39:20:39:20:39:Infinity":2,"s:42:6:177:Infinity":12,"f:42:18:42:Infinity":2,"b:43:47:43:54":3,"s:44:10:44:27":13,"s:45:20:45:83":14,"b:45:20:45:43:45:43:45:83":4,"f:45:50:45:57":3,"s:45:63:45:83":15,"b:47:4:50:Infinity:undefined:undefined:undefined:undefined":5,"s:47:4:50:Infinity":16,"s:48:6:50:Infinity":17,"b:49:39:49:52:49:52:49:55":6,"s:55:22:55:71":18,"f:55:29:55:38":4,"s:55:44:55:70":19,"f:55:51:55:56":5,"s:55:62:55:70":20,"s:56:21:56:46":21,"s:57:19:57:53":22,"f:57:34:57:39":6,"s:57:45:57:53":23,"s:58:14:58:Infinity":24,"s:60:10:61:Infinity":25,"f:60:10:60:18":7,"s:61:6:61:Infinity":26,"b:61:16:61:34:61:34:61:Infinity":7,"s:62:10:63:Infinity":27,"f:62:10:62:18":8,"s:63:6:63:Infinity":28,"b:63:36:63:57:63:57:63:Infinity":8,"s:65:4:172:Infinity":29,"b:68:36:68:49:68:49:68:52":9,"f:79:48:79:51":9,"s:80:24:80:Infinity":30,"s:81:22:81:Infinity":31,"s:82:24:82:Infinity":32,"s:83:12:102:Infinity":33,"f:107:18:107:23":10,"s:108:26:108:44":34,"s:109:35:109:Infinity":35,"b:109:35:109:49:109:49:109:Infinity":10,"s:110:24:110:85":36,"f:110:31:110:36":11,"s:110:45:110:75":37,"s:112:14:112:Infinity":38,"s:114:12:132:Infinity":39,"b:116:17:116:Infinity:117:18:117:Infinity":11,"f:127:24:127:29":12,"s:128:18:130:Infinity":40,"f:137:18:137:23":13,"s:138:12:146:Infinity":41,"b:160:9:160:Infinity:161:10:172:Infinity":12,"f:162:20:162:25":14,"s:163:14:170:Infinity":42,"s:179:0:179:Infinity":43}}}
,"/Users/asegura/Labs/design-system/src/components/Navbar/Navbar.module.css": {"path":"/Users/asegura/Labs/design-system/src/components/Navbar/Navbar.module.css","statementMap":{},"fnMap":{},"branchMap":{},"s":{},"f":{},"b":{},"meta":{"lastBranch":0,"lastFunction":0,"lastStatement":0,"seen":{}}}
,"/Users/asegura/Labs/design-system/src/components/Navbar/Navbar.tsx": {"path":"/Users/asegura/Labs/design-system/src/components/Navbar/Navbar.tsx","statementMap":{"0":{"start":{"line":24,"column":6},"end":{"line":31,"column":null}},"1":{"start":{"line":25,"column":2},"end":{"line":31,"column":null}},"2":{"start":{"line":34,"column":6},"end":{"line":37,"column":null}},"3":{"start":{"line":35,"column":2},"end":{"line":37,"column":null}},"4":{"start":{"line":40,"column":6},"end":{"line":149,"column":null}},"5":{"start":{"line":55,"column":31},"end":{"line":55,"column":83}},"6":{"start":{"line":56,"column":23},"end":{"line":56,"column":null}},"7":{"start":{"line":57,"column":10},"end":{"line":57,"column":32}},"8":{"start":{"line":59,"column":10},"end":{"line":62,"column":null}},"9":{"start":{"line":60,"column":19},"end":{"line":60,"column":null}},"10":{"start":{"line":61,"column":6},"end":{"line":61,"column":null}},"11":{"start":{"line":61,"column":46},"end":{"line":61,"column":null}},"12":{"start":{"line":62,"column":6},"end":{"line":62,"column":null}},"13":{"start":{"line":65,"column":10},"end":{"line":67,"column":null}},"14":{"start":{"line":66,"column":6},"end":{"line":66,"column":null}},"15":{"start":{"line":66,"column":46},"end":{"line":66,"column":null}},"16":{"start":{"line":67,"column":6},"end":{"line":67,"column":null}},"17":{"start":{"line":70,"column":23},"end":{"line":72,"column":16}},"18":{"start":{"line":74,"column":4},"end":{"line":145,"column":null}},"19":{"start":{"line":82,"column":16},"end":{"line":93,"column":null}},"20":{"start":{"line":124,"column":16},"end":{"line":141,"column":null}},"21":{"start":{"line":128,"column":22},"end":{"line":128,"column":null}},"22":{"start":{"line":129,"column":22},"end":{"line":129,"column":null}},"23":{"start":{"line":151,"column":0},"end":{"line":151,"column":null}}},"fnMap":{"0":{"name":"(anonymous_0)","decl":{"start":{"line":24,"column":6},"end":{"line":24,"column":null}},"loc":{"start":{"line":25,"column":2},"end":{"line":31,"column":null}},"line":25},"1":{"name":"(anonymous_1)","decl":{"start":{"line":34,"column":6},"end":{"line":34,"column":null}},"loc":{"start":{"line":35,"column":2},"end":{"line":37,"column":null}},"line":35},"2":{"name":"(anonymous_2)","decl":{"start":{"line":40,"column":15},"end":{"line":40,"column":null}},"loc":{"start":{"line":54,"column":7},"end":{"line":149,"column":null}},"line":54},"3":{"name":"(anonymous_3)","decl":{"start":{"line":59,"column":10},"end":{"line":59,"column":31}},"loc":{"start":{"line":59,"column":31},"end":{"line":62,"column":null}},"line":59},"4":{"name":"(anonymous_4)","decl":{"start":{"line":65,"column":10},"end":{"line":65,"column":30}},"loc":{"start":{"line":65,"column":30},"end":{"line":67,"column":null}},"line":65},"5":{"name":"(anonymous_5)","decl":{"start":{"line":81,"column":21},"end":{"line":81,"column":26}},"loc":{"start":{"line":82,"column":16},"end":{"line":93,"column":null}},"line":82},"6":{"name":"(anonymous_6)","decl":{"start":{"line":123,"column":21},"end":{"line":123,"column":26}},"loc":{"start":{"line":124,"column":16},"end":{"line":141,"column":null}},"line":124},"7":{"name":"(anonymous_7)","decl":{"start":{"line":127,"column":20},"end":{"line":127,"column":35}},"loc":{"start":{"line":127,"column":35},"end":{"line":129,"column":null}},"line":127}},"branchMap":{"0":{"loc":{"start":{"line":44,"column":6},"end":{"line":44,"column":16}},"type":"default-arg","locations":[{"start":{"line":44,"column":14},"end":{"line":44,"column":16}}],"line":44},"1":{"loc":{"start":{"line":46,"column":6},"end":{"line":46,"column":null}},"type":"default-arg","locations":[{"start":{"line":46,"column":15},"end":{"line":46,"column":null}}],"line":46},"2":{"loc":{"start":{"line":47,"column":20},"end":{"line":47,"column":null}},"type":"default-arg","locations":[{"start":{"line":47,"column":32},"end":{"line":47,"column":null}}],"line":47},"3":{"loc":{"start":{"line":48,"column":6},"end":{"line":48,"column":null}},"type":"default-arg","locations":[{"start":{"line":48,"column":26},"end":{"line":48,"column":null}}],"line":48},"4":{"loc":{"start":{"line":56,"column":23},"end":{"line":56,"column":null}},"type":"binary-expr","locations":[{"start":{"line":56,"column":23},"end":{"line":56,"column":47}},{"start":{"line":56,"column":47},"end":{"line":56,"column":null}}],"line":56},"5":{"loc":{"start":{"line":61,"column":6},"end":{"line":61,"column":null}},"type":"if","locations":[{"start":{"line":61,"column":6},"end":{"line":61,"column":null}},{"start":{},"end":{}}],"line":61},"6":{"loc":{"start":{"line":66,"column":6},"end":{"line":66,"column":null}},"type":"if","locations":[{"start":{"line":66,"column":6},"end":{"line":66,"column":null}},{"start":{},"end":{}}],"line":66},"7":{"loc":{"start":{"line":70,"column":39},"end":{"line":70,"column":68}},"type":"cond-expr","locations":[{"start":{"line":70,"column":48},"end":{"line":70,"column":64}},{"start":{"line":70,"column":64},"end":{"line":70,"column":68}}],"line":70},"8":{"loc":{"start":{"line":70,"column":68},"end":{"line":70,"column":84}},"type":"binary-expr","locations":[{"start":{"line":70,"column":68},"end":{"line":70,"column":81}},{"start":{"line":70,"column":81},"end":{"line":70,"column":84}}],"line":70},"9":{"loc":{"start":{"line":77,"column":11},"end":{"line":77,"column":null}},"type":"binary-expr","locations":[{"start":{"line":77,"column":11},"end":{"line":77,"column":20}},{"start":{"line":77,"column":20},"end":{"line":77,"column":null}}],"line":77},"10":{"loc":{"start":{"line":86,"column":48},"end":{"line":86,"column":90}},"type":"cond-expr","locations":[{"start":{"line":86,"column":64},"end":{"line":86,"column":87}},{"start":{"line":86,"column":87},"end":{"line":86,"column":90}}],"line":86},"11":{"loc":{"start":{"line":89,"column":34},"end":{"line":89,"column":null}},"type":"cond-expr","locations":[{"start":{"line":89,"column":50},"end":{"line":89,"column":59}},{"start":{"line":89,"column":59},"end":{"line":89,"column":null}}],"line":89},"12":{"loc":{"start":{"line":98,"column":11},"end":{"line":98,"column":null}},"type":"binary-expr","locations":[{"start":{"line":98,"column":11},"end":{"line":98,"column":22}},{"start":{"line":98,"column":22},"end":{"line":98,"column":null}}],"line":98},"13":{"loc":{"start":{"line":106,"column":24},"end":{"line":106,"column":null}},"type":"cond-expr","locations":[{"start":{"line":106,"column":37},"end":{"line":106,"column":52}},{"start":{"line":106,"column":52},"end":{"line":106,"column":null}}],"line":106},"14":{"loc":{"start":{"line":108,"column":13},"end":{"line":108,"column":null}},"type":"cond-expr","locations":[{"start":{"line":108,"column":26},"end":{"line":108,"column":43}},{"start":{"line":108,"column":42},"end":{"line":108,"column":null}}],"line":108},"15":{"loc":{"start":{"line":117,"column":41},"end":{"line":117,"column":81}},"type":"cond-expr","locations":[{"start":{"line":117,"column":54},"end":{"line":117,"column":78}},{"start":{"line":117,"column":78},"end":{"line":117,"column":81}}],"line":117},"16":{"loc":{"start":{"line":133,"column":22},"end":{"line":133,"column":null}},"type":"cond-expr","locations":[{"start":{"line":133,"column":38},"end":{"line":133,"column":67}},{"start":{"line":133,"column":67},"end":{"line":133,"column":null}}],"line":133},"17":{"loc":{"start":{"line":137,"column":34},"end":{"line":137,"column":null}},"type":"cond-expr","locations":[{"start":{"line":137,"column":50},"end":{"line":137,"column":59}},{"start":{"line":137,"column":59},"end":{"line":137,"column":null}}],"line":137}},"s":{"0":1,"1":9,"2":1,"3":6,"4":1,"5":15,"6":15,"7":15,"8":15,"9":2,"10":2,"11":2,"12":2,"13":15,"14":2,"15":0,"16":2,"17":15,"18":15,"19":41,"20":41,"21":2,"22":2,"23":1},"f":{"0":9,"1":6,"2":15,"3":2,"4":2,"5":41,"6":41,"7":2},"b":{"0":[15],"1":[15],"2":[15],"3":[15],"4":[15,11],"5":[2,0],"6":[0,2],"7":[0,15],"8":[15,15],"9":[15,3],"10":[14,27],"11":[14,27],"12":[15,1],"13":[6,9],"14":[6,9],"15":[6,9],"16":[14,27],"17":[14,27]},"meta":{"lastBranch":18,"lastFunction":8,"lastStatement":24,"seen":{"s:24:6:31:Infinity":0,"f:24:6:24:Infinity":0,"s:25:2:31:Infinity":1,"s:34:6:37:Infinity":2,"f:34:6:34:Infinity":1,"s:35:2:37:Infinity":3,"s:40:6:149:Infinity":4,"f:40:15:40:Infinity":2,"b:44:14:44:16":0,"b:46:15:46:Infinity":1,"b:47:32:47:Infinity":2,"b:48:26:48:Infinity":3,"s:55:31:55:83":5,"s:56:23:56:Infinity":6,"b:56:23:56:47:56:47:56:Infinity":4,"s:57:10:57:32":7,"s:59:10:62:Infinity":8,"f:59:10:59:31":3,"s:60:19:60:Infinity":9,"b:61:6:61:Infinity:undefined:undefined:undefined:undefined":5,"s:61:6:61:Infinity":10,"s:61:46:61:Infinity":11,"s:62:6:62:Infinity":12,"s:65:10:67:Infinity":13,"f:65:10:65:30":4,"b:66:6:66:Infinity:undefined:undefined:undefined:undefined":6,"s:66:6:66:Infinity":14,"s:66:46:66:Infinity":15,"s:67:6:67:Infinity":16,"s:70:23:72:16":17,"b:70:48:70:64:70:64:70:68":7,"b:70:68:70:81:70:81:70:84":8,"s:74:4:145:Infinity":18,"b:77:11:77:20:77:20:77:Infinity":9,"f:81:21:81:26":5,"s:82:16:93:Infinity":19,"b:86:64:86:87:86:87:86:90":10,"b:89:50:89:59:89:59:89:Infinity":11,"b:98:11:98:22:98:22:98:Infinity":12,"b:106:37:106:52:106:52:106:Infinity":13,"b:108:26:108:43:108:42:108:Infinity":14,"b:117:54:117:78:117:78:117:81":15,"f:123:21:123:26":6,"s:124:16:141:Infinity":20,"f:127:20:127:35":7,"s:128:22:128:Infinity":21,"s:129:22:129:Infinity":22,"b:133:38:133:67:133:67:133:Infinity":16,"b:137:50:137:59:137:59:137:Infinity":17,"s:151:0:151:Infinity":23}}}
,"/Users/asegura/Labs/design-system/src/components/NumberField/NumberField.module.css": {"path":"/Users/asegura/Labs/design-system/src/components/NumberField/NumberField.module.css","statementMap":{},"fnMap":{},"branchMap":{},"s":{},"f":{},"b":{},"meta":{"lastBranch":0,"lastFunction":0,"lastStatement":0,"seen":{}}}
,"/Users/asegura/Labs/design-system/src/components/NumberField/NumberField.tsx": {"path":"/Users/asegura/Labs/design-system/src/components/NumberField/NumberField.tsx","statementMap":{"0":{"start":{"line":27,"column":6},"end":{"line":78,"column":null}},"1":{"start":{"line":45,"column":33},"end":{"line":45,"column":86}},"2":{"start":{"line":47,"column":4},"end":{"line":74,"column":null}},"3":{"start":{"line":80,"column":0},"end":{"line":80,"column":null}}},"fnMap":{"0":{"name":"(anonymous_0)","decl":{"start":{"line":27,"column":20},"end":{"line":27,"column":null}},"loc":{"start":{"line":44,"column":7},"end":{"line":78,"column":null}},"line":44}},"branchMap":{"0":{"loc":{"start":{"line":33,"column":6},"end":{"line":33,"column":null}},"type":"default-arg","locations":[{"start":{"line":33,"column":13},"end":{"line":33,"column":null}}],"line":33},"1":{"loc":{"start":{"line":34,"column":6},"end":{"line":34,"column":null}},"type":"default-arg","locations":[{"start":{"line":34,"column":17},"end":{"line":34,"column":null}}],"line":34},"2":{"loc":{"start":{"line":35,"column":6},"end":{"line":35,"column":null}},"type":"default-arg","locations":[{"start":{"line":35,"column":17},"end":{"line":35,"column":null}}],"line":35},"3":{"loc":{"start":{"line":48,"column":36},"end":{"line":48,"column":52}},"type":"binary-expr","locations":[{"start":{"line":48,"column":36},"end":{"line":48,"column":49}},{"start":{"line":48,"column":49},"end":{"line":48,"column":52}}],"line":48},"4":{"loc":{"start":{"line":70,"column":9},"end":{"line":74,"column":null}},"type":"cond-expr","locations":[{"start":{"line":71,"column":10},"end":{"line":72,"column":null}},{"start":{"line":72,"column":12},"end":{"line":74,"column":null}}],"line":70},"5":{"loc":{"start":{"line":72,"column":12},"end":{"line":74,"column":null}},"type":"cond-expr","locations":[{"start":{"line":73,"column":10},"end":{"line":74,"column":null}},{"start":{"line":74,"column":12},"end":{"line":74,"column":null}}],"line":72}},"s":{"0":1,"1":17,"2":17,"3":1},"f":{"0":17},"b":{"0":[17],"1":[17],"2":[17],"3":[17,17],"4":[5,12],"5":[3,9]},"meta":{"lastBranch":6,"lastFunction":1,"lastStatement":4,"seen":{"s:27:6:78:Infinity":0,"f:27:20:27:Infinity":0,"b:33:13:33:Infinity":0,"b:34:17:34:Infinity":1,"b:35:17:35:Infinity":2,"s:45:33:45:86":1,"s:47:4:74:Infinity":2,"b:48:36:48:49:48:49:48:52":3,"b:71:10:72:Infinity:72:12:74:Infinity":4,"b:73:10:74:Infinity:74:12:74:Infinity":5,"s:80:0:80:Infinity":3}}}
,"/Users/asegura/Labs/design-system/src/components/PasswordField/PasswordField.module.css": {"path":"/Users/asegura/Labs/design-system/src/components/PasswordField/PasswordField.module.css","statementMap":{},"fnMap":{},"branchMap":{},"s":{},"f":{},"b":{},"meta":{"lastBranch":0,"lastFunction":0,"lastStatement":0,"seen":{}}}
,"/Users/asegura/Labs/design-system/src/components/PasswordField/PasswordField.tsx": {"path":"/Users/asegura/Labs/design-system/src/components/PasswordField/PasswordField.tsx","statementMap":{"0":{"start":{"line":28,"column":6},"end":{"line":75,"column":null}},"1":{"start":{"line":45,"column":33},"end":{"line":45,"column":86}},"2":{"start":{"line":47,"column":4},"end":{"line":71,"column":null}},"3":{"start":{"line":77,"column":0},"end":{"line":77,"column":null}}},"fnMap":{"0":{"name":"(anonymous_0)","decl":{"start":{"line":28,"column":22},"end":{"line":28,"column":null}},"loc":{"start":{"line":44,"column":7},"end":{"line":75,"column":null}},"line":44}},"branchMap":{"0":{"loc":{"start":{"line":34,"column":6},"end":{"line":34,"column":null}},"type":"default-arg","locations":[{"start":{"line":34,"column":13},"end":{"line":34,"column":null}}],"line":34},"1":{"loc":{"start":{"line":35,"column":6},"end":{"line":35,"column":null}},"type":"default-arg","locations":[{"start":{"line":35,"column":17},"end":{"line":35,"column":null}}],"line":35},"2":{"loc":{"start":{"line":36,"column":6},"end":{"line":36,"column":null}},"type":"default-arg","locations":[{"start":{"line":36,"column":17},"end":{"line":36,"column":null}}],"line":36},"3":{"loc":{"start":{"line":48,"column":36},"end":{"line":48,"column":52}},"type":"binary-expr","locations":[{"start":{"line":48,"column":36},"end":{"line":48,"column":49}},{"start":{"line":48,"column":49},"end":{"line":48,"column":52}}],"line":48},"4":{"loc":{"start":{"line":67,"column":9},"end":{"line":71,"column":null}},"type":"cond-expr","locations":[{"start":{"line":68,"column":10},"end":{"line":69,"column":null}},{"start":{"line":69,"column":12},"end":{"line":71,"column":null}}],"line":67},"5":{"loc":{"start":{"line":69,"column":12},"end":{"line":71,"column":null}},"type":"cond-expr","locations":[{"start":{"line":70,"column":10},"end":{"line":71,"column":null}},{"start":{"line":71,"column":12},"end":{"line":71,"column":null}}],"line":69}},"s":{"0":1,"1":18,"2":18,"3":1},"f":{"0":18},"b":{"0":[18],"1":[18],"2":[18],"3":[18,18],"4":[4,14],"5":[3,11]},"meta":{"lastBranch":6,"lastFunction":1,"lastStatement":4,"seen":{"s:28:6:75:Infinity":0,"f:28:22:28:Infinity":0,"b:34:13:34:Infinity":0,"b:35:17:35:Infinity":1,"b:36:17:36:Infinity":2,"s:45:33:45:86":1,"s:47:4:71:Infinity":2,"b:48:36:48:49:48:49:48:52":3,"b:68:10:69:Infinity:69:12:71:Infinity":4,"b:70:10:71:Infinity:71:12:71:Infinity":5,"s:77:0:77:Infinity":3}}}
,"/Users/asegura/Labs/design-system/src/components/PhoneField/PhoneField.module.css": {"path":"/Users/asegura/Labs/design-system/src/components/PhoneField/PhoneField.module.css","statementMap":{},"fnMap":{},"branchMap":{},"s":{},"f":{},"b":{},"meta":{"lastBranch":0,"lastFunction":0,"lastStatement":0,"seen":{}}}
,"/Users/asegura/Labs/design-system/src/components/PhoneField/PhoneField.tsx": {"path":"/Users/asegura/Labs/design-system/src/components/PhoneField/PhoneField.tsx","statementMap":{"0":{"start":{"line":24,"column":6},"end":{"line":57,"column":null}},"1":{"start":{"line":29,"column":33},"end":{"line":29,"column":86}},"2":{"start":{"line":31,"column":4},"end":{"line":53,"column":null}},"3":{"start":{"line":59,"column":0},"end":{"line":59,"column":null}}},"fnMap":{"0":{"name":"(anonymous_0)","decl":{"start":{"line":24,"column":19},"end":{"line":24,"column":null}},"loc":{"start":{"line":28,"column":7},"end":{"line":57,"column":null}},"line":28}},"branchMap":{"0":{"loc":{"start":{"line":26,"column":26},"end":{"line":26,"column":39}},"type":"default-arg","locations":[{"start":{"line":26,"column":33},"end":{"line":26,"column":39}}],"line":26},"1":{"loc":{"start":{"line":26,"column":39},"end":{"line":26,"column":57}},"type":"default-arg","locations":[{"start":{"line":26,"column":50},"end":{"line":26,"column":57}}],"line":26},"2":{"loc":{"start":{"line":26,"column":57},"end":{"line":26,"column":75}},"type":"default-arg","locations":[{"start":{"line":26,"column":68},"end":{"line":26,"column":75}}],"line":26},"3":{"loc":{"start":{"line":32,"column":36},"end":{"line":32,"column":52}},"type":"binary-expr","locations":[{"start":{"line":32,"column":36},"end":{"line":32,"column":49}},{"start":{"line":32,"column":49},"end":{"line":32,"column":52}}],"line":32},"4":{"loc":{"start":{"line":49,"column":9},"end":{"line":53,"column":null}},"type":"cond-expr","locations":[{"start":{"line":50,"column":10},"end":{"line":51,"column":null}},{"start":{"line":51,"column":12},"end":{"line":53,"column":null}}],"line":49},"5":{"loc":{"start":{"line":51,"column":12},"end":{"line":53,"column":null}},"type":"cond-expr","locations":[{"start":{"line":52,"column":10},"end":{"line":53,"column":null}},{"start":{"line":53,"column":12},"end":{"line":53,"column":null}}],"line":51}},"s":{"0":1,"1":13,"2":13,"3":1},"f":{"0":13},"b":{"0":[13],"1":[13],"2":[13],"3":[13,13],"4":[3,10],"5":[2,8]},"meta":{"lastBranch":6,"lastFunction":1,"lastStatement":4,"seen":{"s:24:6:57:Infinity":0,"f:24:19:24:Infinity":0,"b:26:33:26:39":0,"b:26:50:26:57":1,"b:26:68:26:75":2,"s:29:33:29:86":1,"s:31:4:53:Infinity":2,"b:32:36:32:49:32:49:32:52":3,"b:50:10:51:Infinity:51:12:53:Infinity":4,"b:52:10:53:Infinity:53:12:53:Infinity":5,"s:59:0:59:Infinity":3}}}
,"/Users/asegura/Labs/design-system/src/components/RadarChart/RadarChart.module.css": {"path":"/Users/asegura/Labs/design-system/src/components/RadarChart/RadarChart.module.css","statementMap":{},"fnMap":{},"branchMap":{},"s":{},"f":{},"b":{},"meta":{"lastBranch":0,"lastFunction":0,"lastStatement":0,"seen":{}}}
,"/Users/asegura/Labs/design-system/src/components/RadarChart/RadarChart.tsx": {"path":"/Users/asegura/Labs/design-system/src/components/RadarChart/RadarChart.tsx","statementMap":{"0":{"start":{"line":20,"column":14},"end":{"line":20,"column":null}},"1":{"start":{"line":21,"column":14},"end":{"line":21,"column":null}},"2":{"start":{"line":22,"column":11},"end":{"line":22,"column":null}},"3":{"start":{"line":23,"column":11},"end":{"line":23,"column":null}},"4":{"start":{"line":24,"column":10},"end":{"line":24,"column":null}},"5":{"start":{"line":25,"column":19},"end":{"line":25,"column":null}},"6":{"start":{"line":28,"column":2},"end":{"line":28,"column":null}},"7":{"start":{"line":33,"column":2},"end":{"line":33,"column":null}},"8":{"start":{"line":37,"column":2},"end":{"line":37,"column":null}},"9":{"start":{"line":41,"column":2},"end":{"line":47,"column":null}},"10":{"start":{"line":43,"column":16},"end":{"line":43,"column":null}},"11":{"start":{"line":44,"column":21},"end":{"line":44,"column":64}},"12":{"start":{"line":45,"column":6},"end":{"line":45,"column":null}},"13":{"start":{"line":50,"column":6},"end":{"line":169,"column":null}},"14":{"start":{"line":52,"column":10},"end":{"line":52,"column":27}},"15":{"start":{"line":53,"column":20},"end":{"line":53,"column":null}},"16":{"start":{"line":55,"column":4},"end":{"line":58,"column":null}},"17":{"start":{"line":56,"column":6},"end":{"line":58,"column":null}},"18":{"start":{"line":63,"column":14},"end":{"line":63,"column":null}},"19":{"start":{"line":64,"column":24},"end":{"line":64,"column":71}},"20":{"start":{"line":64,"column":58},"end":{"line":64,"column":67}},"21":{"start":{"line":65,"column":19},"end":{"line":65,"column":null}},"22":{"start":{"line":67,"column":4},"end":{"line":165,"column":null}},"23":{"start":{"line":82,"column":18},"end":{"line":82,"column":null}},"24":{"start":{"line":83,"column":24},"end":{"line":86,"column":24}},"25":{"start":{"line":84,"column":29},"end":{"line":84,"column":72}},"26":{"start":{"line":85,"column":14},"end":{"line":85,"column":null}},"27":{"start":{"line":87,"column":12},"end":{"line":92,"column":null}},"28":{"start":{"line":98,"column":27},"end":{"line":98,"column":66}},"29":{"start":{"line":99,"column":12},"end":{"line":107,"column":null}},"30":{"start":{"line":113,"column":26},"end":{"line":113,"column":44}},"31":{"start":{"line":114,"column":24},"end":{"line":114,"column":58}},"32":{"start":{"line":115,"column":12},"end":{"line":125,"column":null}},"33":{"start":{"line":131,"column":26},"end":{"line":131,"column":44}},"34":{"start":{"line":132,"column":27},"end":{"line":132,"column":null}},"35":{"start":{"line":133,"column":27},"end":{"line":133,"column":58}},"36":{"start":{"line":135,"column":53},"end":{"line":135,"column":null}},"37":{"start":{"line":136,"column":12},"end":{"line":137,"column":null}},"38":{"start":{"line":136,"column":39},"end":{"line":136,"column":null}},"39":{"start":{"line":137,"column":21},"end":{"line":137,"column":null}},"40":{"start":{"line":137,"column":45},"end":{"line":137,"column":null}},"41":{"start":{"line":139,"column":12},"end":{"line":149,"column":null}},"42":{"start":{"line":156,"column":12},"end":{"line":163,"column":null}},"43":{"start":{"line":171,"column":0},"end":{"line":171,"column":null}}},"fnMap":{"0":{"name":"seriesColor","decl":{"start":{"line":27,"column":9},"end":{"line":27,"column":21}},"loc":{"start":{"line":27,"column":60},"end":{"line":28,"column":null}},"line":27},"1":{"name":"angleForAxis","decl":{"start":{"line":31,"column":9},"end":{"line":31,"column":22}},"loc":{"start":{"line":31,"column":56},"end":{"line":33,"column":null}},"line":31},"2":{"name":"polarToCartesian","decl":{"start":{"line":36,"column":9},"end":{"line":36,"column":26}},"loc":{"start":{"line":36,"column":70},"end":{"line":37,"column":null}},"line":36},"3":{"name":"polygonPoints","decl":{"start":{"line":40,"column":9},"end":{"line":40,"column":23}},"loc":{"start":{"line":40,"column":80},"end":{"line":47,"column":null}},"line":40},"4":{"name":"(anonymous_4)","decl":{"start":{"line":42,"column":5},"end":{"line":42,"column":10}},"loc":{"start":{"line":42,"column":19},"end":{"line":46,"column":null}},"line":42},"5":{"name":"(anonymous_5)","decl":{"start":{"line":50,"column":19},"end":{"line":50,"column":null}},"loc":{"start":{"line":51,"column":70},"end":{"line":169,"column":null}},"line":51},"6":{"name":"(anonymous_6)","decl":{"start":{"line":64,"column":43},"end":{"line":64,"column":52}},"loc":{"start":{"line":64,"column":58},"end":{"line":64,"column":67}},"line":64},"7":{"name":"(anonymous_7)","decl":{"start":{"line":81,"column":44},"end":{"line":81,"column":47}},"loc":{"start":{"line":81,"column":56},"end":{"line":94,"column":null}},"line":81},"8":{"name":"(anonymous_8)","decl":{"start":{"line":83,"column":48},"end":{"line":83,"column":51}},"loc":{"start":{"line":83,"column":60},"end":{"line":86,"column":15}},"line":83},"9":{"name":"(anonymous_9)","decl":{"start":{"line":97,"column":16},"end":{"l
[...]
103,"column":79}}],"line":103},"1":{"loc":{"start":{"line":112,"column":4},"end":{"line":114,"column":null}},"type":"if","locations":[{"start":{"line":112,"column":4},"end":{"line":114,"column":null}},{"start":{},"end":{}}],"line":112},"2":{"loc":{"start":{"line":131,"column":4},"end":{"line":131,"column":null}},"type":"if","locations":[{"start":{"line":131,"column":4},"end":{"line":131,"column":null}},{"start":{},"end":{}}],"line":131},"3":{"loc":{"start":{"line":140,"column":6},"end":{"line":140,"column":null}},"type":"if","locations":[{"start":{"line":140,"column":6},"end":{"line":140,"column":null}},{"start":{},"end":{}}],"line":140},"4":{"loc":{"start":{"line":142,"column":37},"end":{"line":142,"column":74}},"type":"binary-expr","locations":[{"start":{"line":142,"column":37},"end":{"line":142,"column":65}},{"start":{"line":142,"column":69},"end":{"line":142,"column":74}}],"line":142},"5":{"loc":{"start":{"line":145,"column":6},"end":{"line":146,"column":null}},"type":"if","locations":[{"start":{"line":145,"column":6},"end":{"line":146,"column":null}},{"start":{"line":146,"column":11},"end":{"line":146,"column":null}}],"line":145},"6":{"loc":{"start":{"line":154,"column":22},"end":{"line":154,"column":null}},"type":"binary-expr","locations":[{"start":{"line":154,"column":22},"end":{"line":154,"column":38}},{"start":{"line":154,"column":38},"end":{"line":154,"column":null}}],"line":154},"7":{"loc":{"start":{"line":155,"column":23},"end":{"line":155,"column":null}},"type":"binary-expr","locations":[{"start":{"line":155,"column":23},"end":{"line":155,"column":40}},{"start":{"line":155,"column":40},"end":{"line":155,"column":null}}],"line":155},"8":{"loc":{"start":{"line":161,"column":15},"end":{"line":161,"column":null}},"type":"cond-expr","locations":[{"start":{"line":161,"column":41},"end":{"line":161,"column":76}},{"start":{"line":161,"column":79},"end":{"line":161,"column":null}}],"line":161},"9":{"loc":{"start":{"line":164,"column":6},"end":{"line":166,"column":null}},"type":"if","locations":[{"start":{"line":164,"column":6},"end":{"line":166,"column":null}},{"start":{},"end":{}}],"line":164},"10":{"loc":{"start":{"line":206,"column":2},"end":{"line":206,"column":null}},"type":"if","locations":[{"start":{"line":206,"column":2},"end":{"line":206,"column":null}},{"start":{},"end":{}}],"line":206}},"s":{"0":1,"1":1,"2":25,"3":4,"4":3,"5":2,"6":1,"7":1,"8":49,"9":49,"10":49,"11":49,"12":49,"13":49,"14":5,"15":5,"16":3,"17":3,"18":5,"19":5,"20":5,"21":5,"22":5,"23":49,"24":8,"25":3,"26":8,"27":49,"28":6,"29":6,"30":1,"31":5,"32":5,"33":5,"34":49,"35":4,"36":4,"37":1,"38":3,"39":3,"40":4,"41":4,"42":4,"43":2,"44":1,"45":49,"46":22,"47":22,"48":22,"49":22,"50":22,"51":22,"52":22,"53":22,"54":6,"55":6,"56":22,"57":49,"58":25,"59":1,"60":49,"61":49,"62":2,"63":46},"f":{"0":25,"1":4,"2":3,"3":2,"4":1,"5":1,"6":49,"7":5,"8":5,"9":5,"10":8,"11":3,"12":6,"13":4,"14":22,"15":22,"16":25,"17":49},"b":{"0":[49],"1":[3,2],"2":[1,5],"3":[1,3],"4":[3,0],"5":[2,1],"6":[22,0],"7":[22,0],"8":[1,21],"9":[6,16],"10":[2,47]},"meta":{"lastBranch":11,"lastFunction":18,"lastStatement":64,"seen":{"s:32:6:32:66":0,"s:34:56:59:Infinity":1,"f:61:9:61:22":0,"s:72:2:92:Infinity":2,"f:76:6:76:26":1,"s:76:26:76:42":3,"f:77:6:77:26":2,"s:77:26:77:43":4,"f:78:6:78:21":3,"s:78:21:78:37":5,"f:79:6:79:20":4,"s:79:20:79:37":6,"f:87:8:87:23":5,"s:87:23:87:41":7,"f:103:16:103:30":6,"b:103:54:103:79":0,"s:104:17:104:55":8,"s:105:8:105:81":9,"s:106:8:106:60":10,"s:107:8:107:61":11,"s:108:8:108:30":12,"s:110:8:119:8":13,"f:110:18:110:31":7,"s:111:18:111:43":14,"b:112:4:114:Infinity:undefined:undefined:undefined:undefined":1,"s:112:4:114:Infinity":15,"s:113:6:113:Infinity":16,"s:114:6:114:Infinity":17,"s:116:4:116:Infinity":18,"s:117:4:117:Infinity":19,"s:118:4:118:Infinity":20,"f:118:4:118:15":8,"s:118:24:118:55":21,"f:118:29:118:37":9,"s:118:43:118:55":22,"s:121:8:126:Infinity":23,"f:121:24:121:Infinity":10,"s:123:20:123:56":24,"f:123:20:123:37":11,"s:123:37:123:48":25,"s:124:6:124:Infinity":26,"s:129:8:135:8":27,"f:129:16:129:29":12,"s:130:18:130:43":28,"b:131:4:131:Infinity:undefined:undefined:undefined:undefined":2,"s:131:4:131:Infinity":29,"s:131:29:131:Infinity":30,"s:132:4:132:Infinity":31,"s:133:4:133:Infinity":32,"s:134:4:134:Infinity":33,"s:137:8:148:Infinity":34,"f:137:17:137:Infinity":13,"s:139:23:139:50":35,"b:140:6:140:Infinity:undefined:undefined:undefined:undefined":3,"s:140:6:140:Infinity":36,"s:140:34:140:Infinity":37,"s:141:22:141:Infinity":38,"s:142:24:142:82":39,"b:142:37:142:65:142:69:142:74":4,"s:143:6:143:Infinity":40,"s:144:6:144:Infinity":41,"b:145:6:146:Infinity:146:11:146:Infinity":5,"s:145:6:146:Infinity":42,"s:145:25:145:Infinity":43,"s:146:11:146:Infinity":44,"s:151:8:171:Infinity":45,"f:151:15:151:Infinity":14,"s:153:17:153:Infinity":46,"s:154:22:154:Infinity":47,"b:154:22:154:38:154:38:154:Infinity":6,"s:155:23:155:Infinity":48,"b:155:23:155:40:155:40:155:Infinity":7,"s:157:30:157:Infinity":49,"s:159:6:162:Infinity":50,"f:159:6:159:17":15,"s:160:21:160:36":51,"s:161:8:161:Infinity":52,"b:161:41:161:76:161:79:161:Infinity":8,"b:164:6:166:Infinity:undefined:undefined:undefined:undefined":9,"s:164:6:166:Infinity":53,"s:165:8:165:Infinity":54,"s:166:8:166:Infinity":55,"s:169:6:169:Infinity":56,"s:174:2:197:Infinity":57,"f:186:18:186:23":16,"s:187:12:193:Infinity":58,"s:202:0:202:Infinity":59,"f:204:16:204:46":17,"s:205:8:205:38":60,"b:206:2:206:Infinity:undefined:undefined:undefined:undefined":10,"s:206:2:206:Infinity":61,"s:206:12:206:Infinity":62,"s:207:2:207:Infinity":63}}}
,"/Users/asegura/Labs/design-system/src/primitives/Toggle/Toggle.module.css": {"path":"/Users/asegura/Labs/design-system/src/primitives/Toggle/Toggle.module.css","statementMap":{},"fnMap":{},"branchMap":{},"s":{},"f":{},"b":{},"meta":{"lastBranch":0,"lastFunction":0,"lastStatement":0,"seen":{}}}
,"/Users/asegura/Labs/design-system/src/primitives/Toggle/Toggle.tsx": {"path":"/Users/asegura/Labs/design-system/src/primitives/Toggle/Toggle.tsx","statementMap":{"0":{"start":{"line":18,"column":6},"end":{"line":36,"column":null}},"1":{"start":{"line":20,"column":4},"end":{"line":32,"column":null}},"2":{"start":{"line":38,"column":0},"end":{"line":38,"column":null}}},"fnMap":{"0":{"name":"(anonymous_0)","decl":{"start":{"line":18,"column":15},"end":{"line":18,"column":null}},"loc":{"start":{"line":19,"column":73},"end":{"line":36,"column":null}},"line":19}},"branchMap":{"0":{"loc":{"start":{"line":19,"column":5},"end":{"line":19,"column":23}},"type":"default-arg","locations":[{"start":{"line":19,"column":16},"end":{"line":19,"column":23}}],"line":19},"1":{"loc":{"start":{"line":19,"column":23},"end":{"line":19,"column":36}},"type":"default-arg","locations":[{"start":{"line":19,"column":30},"end":{"line":19,"column":36}}],"line":19},"2":{"loc":{"start":{"line":21,"column":51},"end":{"line":21,"column":67}},"type":"binary-expr","locations":[{"start":{"line":21,"column":51},"end":{"line":21,"column":64}},{"start":{"line":21,"column":64},"end":{"line":21,"column":67}}],"line":21},"3":{"loc":{"start":{"line":26,"column":24},"end":{"line":26,"column":null}},"type":"binary-expr","locations":[{"start":{"line":26,"column":24},"end":{"line":26,"column":36}},{"start":{"line":26,"column":36},"end":{"line":26,"column":null}}],"line":26}},"s":{"0":2,"1":28,"2":2},"f":{"0":28},"b":{"0":[28],"1":[28],"2":[28,28],"3":[28,22]},"meta":{"lastBranch":4,"lastFunction":1,"lastStatement":3,"seen":{"s:18:6:36:Infinity":0,"f:18:15:18:Infinity":0,"b:19:16:19:23":0,"b:19:30:19:36":1,"s:20:4:32:Infinity":1,"b:21:51:21:64:21:64:21:67":2,"b:26:24:26:36:26:36:26:Infinity":3,"s:38:0:38:Infinity":2}}}
,"/Users/asegura/Labs/design-system/src/primitives/Tooltip/Tooltip.module.css": {"path":"/Users/asegura/Labs/design-system/src/primitives/Tooltip/Tooltip.module.css","statementMap":{},"fnMap":{},"branchMap":{},"s":{},"f":{},"b":{},"meta":{"lastBranch":0,"lastFunction":0,"lastStatement":0,"seen":{}}}
,"/Users/asegura/Labs/design-system/src/primitives/Tooltip/Tooltip.tsx": {"path":"/Users/asegura/Labs/design-system/src/primitives/Tooltip/Tooltip.tsx","statementMap":{"0":{"start":{"line":25,"column":2},"end":{"line":29,"column":null}},"1":{"start":{"line":26,"column":4},"end":{"line":29,"column":null}},"2":{"start":{"line":27,"column":6},"end":{"line":29,"column":null}},"3":{"start":{"line":27,"column":37},"end":{"line":27,"column":null}},"4":{"start":{"line":28,"column":15},"end":{"line":29,"column":null}},"5":{"start":{"line":29,"column":9},"end":{"line":29,"column":null}},"6":{"start":{"line":40,"column":8},"end":{"line":40,"column":27}},"7":{"start":{"line":41,"column":8},"end":{"line":41,"column":46}},"8":{"start":{"line":42,"column":8},"end":{"line":42,"column":80}},"9":{"start":{"line":43,"column":18},"end":{"line":43,"column":47}},"10":{"start":{"line":44,"column":17},"end":{"line":44,"column":59}},"11":{"start":{"line":46,"column":8},"end":{"line":63,"column":17}},"12":{"start":{"line":47,"column":17},"end":{"line":47,"column":60}},"13":{"start":{"line":48,"column":4},"end":{"line":48,"column":null}},"14":{"start":{"line":48,"column":15},"end":{"line":48,"column":null}},"15":{"start":{"line":49,"column":4},"end":{"line":61,"column":null}},"16":{"start":{"line":51,"column":8},"end":{"line":51,"column":null}},"17":{"start":{"line":52,"column":8},"end":{"line":52,"column":null}},"18":{"start":{"line":54,"column":8},"end":{"line":54,"column":null}},"19":{"start":{"line":55,"column":8},"end":{"line":55,"column":null}},"20":{"start":{"line":57,"column":8},"end":{"line":57,"column":null}},"21":{"start":{"line":58,"column":8},"end":{"line":58,"column":null}},"22":{"start":{"line":60,"column":8},"end":{"line":60,"column":null}},"23":{"start":{"line":61,"column":8},"end":{"line":61,"column":null}},"24":{"start":{"line":65,"column":8},"end":{"line":71,"column":30}},"25":{"start":{"line":66,"column":4},"end":{"line":66,"column":null}},"26":{"start":{"line":67,"column":4},"end":{"line":70,"column":null}},"27":{"start":{"line":68,"column":6},"end":{"line":68,"column":null}},"28":{"start":{"line":69,"column":6},"end":{"line":69,"column":null}},"29":{"start":{"line":73,"column":8},"end":{"line":76,"column":8}},"30":{"start":{"line":74,"column":4},"end":{"line":74,"column":null}},"31":{"start":{"line":75,"column":4},"end":{"line":75,"column":null}},"32":{"start":{"line":79,"column":2},"end":{"line":88,"column":null}},"33":{"start":{"line":80,"column":4},"end":{"line":80,"column":null}},"34":{"start":{"line":80,"column":18},"end":{"line":80,"column":null}},"35":{"start":{"line":81,"column":10},"end":{"line":81,"column":40}},"36":{"start":{"line":81,"column":25},"end":{"line":81,"column":40}},"37":{"start":{"line":82,"column":4},"end":{"line":82,"column":null}},"38":{"start":{"line":83,"column":4},"end":{"line":83,"column":null}},"39":{"start":{"line":84,"column":4},"end":{"line":86,"column":null}},"40":{"start":{"line":85,"column":6},"end":{"line":85,"column":null}},"41":{"start":{"line":86,"column":6},"end":{"line":86,"column":null}},"42":{"start":{"line":90,"column":8},"end":{"line":113,"column":4}},"43":{"start":{"line":94,"column":6},"end":{"line":94,"column":null}},"44":{"start":{"line":95,"column":7},"end":{"line":95,"column":null}},"45":{"start":{"line":98,"column":6},"end":{"line":98,"column":null}},"46":{"start":{"line":99,"column":7},"end":{"line":99,"column":null}},"47":{"start":{"line":102,"column":6},"end":{"line":102,"column":null}},"48":{"start":{"line":103,"column":7},"end":{"line":103,"column":null}},"49":{"start":{"line":106,"column":6},"end":{"line":106,"column":null}},"50":{"start":{"line":107,"column":7},"end":{"line":107,"column":null}},"51":{"start":{"line":110,"column":6},"end":{"line":110,"column":null}},"52":{"start":{"line":110,"column":30},"end":{"line":110,"column":null}},"53":{"start":{"line":111,"column":7},"end":{"line":111,"column":null}},"54":{"start":{"line":116,"column":4},"end":{"line":130,"column":null}},"55":{"start":{"line":133,"column":2},"end":{"line":137,"column":null}},"56":{"start":{"line":141,"column":0},"end":{"line":141,"column":null}}},"fnMap":{"0":{"name":"mergeRefs","decl":{"start":{"line":24,"column":9},"end":{"line":24,"column":22}},"loc":{"start":{"line":24,"column":86},"end":{"line":29,"column":null}},"line":24},"1":{"name":"(anonymous_1)","decl":{"start":{"line":25,"column":2},"end":{"line":25,"column":10}},"loc":{"start":{"line":25,"column":20},"end":{"line":29,"column":null}},"line":25},"2":{"name":"Tooltip","decl":{"start":{"line":34,"column":16},"end":{"line":34,"column":24}},"loc":{"start":{"line":39,"column":17},"end":{"line":137,"column":null}},"line":39},"3":{"name":"(anonymous_3)","decl":{"start":{"line":46,"column":24},"end":{"line":46,"column":42}},"loc":{"start":{"line":46,"column":42},"end":{"line":63,"column":6}},"line":46},"4":{"name":"(anonymous_4)","decl":{"start":{"line":65,"column":15},"end":{"line":65,"column":33}},"loc":{"start":{"line":65,"column":33},"end":{"line":71,"column":6}},"line":65},"5":{"name":"(anonymous_5)","decl":{"start":{"line":67,"column":24},"end":{"line":67,"column":41}},"loc":{"start":{"line":67,"column":41},"end":{"line":70,"column":15}},"line":67},"6":{"name":"(anonymous_6)","decl":{"start":{"line":73,"column":15},"end":{"line":73,"column":33}},"loc":{"start":{"line":73,"column":33},"end":{"line":76,"column":7}},"line":73},"7":{"name":"(anonymous_7)","decl":{"start":{"line":79,"column":2},"end":{"line":79,"column":18}},"loc":{"start":{"line":79,"column":18},"end":{"line":88,"column":6}},"line":79},"8":{"name":"(anonymous_8)","decl":{"start":{"line":81,"column":10},"end":{"line":81,"column":25}},"loc":{"start":{"line":81,"column":25},"end":{"line":81,"column":40}},"line":81},"9":{"name":"(anonymous_9)","decl":{"start":{"line":84,"column":4},"end":{"line":84,"column":17}},"loc":{"start":{"line":84,"column":17},"end":{"line":86,"column":null}},"line":84},"10":{"name":"(anonymous_10)","decl":{"start":{"line":93,"column":4},"end":{"line":93,"column":19}},"loc":{"start":{"line":93,"column":43},"end":{"line":95,"column":null}},"line":93},"11":{"name":"(anonymous_11)","decl":{"start":{"line":97,"column":4},"end":{"line":97,"column":19}},"loc":{"start":{"line":97,"column":43},"end":{"line":99,"column":null}},"line":97},"12":{"name":"(anonymous_12)","decl":{"start":{"line":101,"column":4},"end":{"line":101,"column":14}},"loc":{"start":{"line":101,"column":38},"end":{"line":103,"column":null}},"line":101},"13":{"name":"(anonymous_13)","decl":{"start":{"line":105,"column":4},"end":{"line":105,"column":13}},"loc":{"start":{"line":105,"column":37},"end":{"line":107,"column":null}},"line":105},"14":{"name":"(anonymous_14)","decl":{"start":{"line":109,"column":4},"end":{"line":109,"column":16}},"loc":{"start":{"line":109,"column":43},"end":{"line":111,"column":null}},"line":109}},"branchMap":{"0":{"loc":{"start":{"line":27,"column":6},"end":{"line":29,"column":null}},"type":"if","locations":[{"start":{"line":27,"column":6},"end":{"line":29,"column":null}},{"start":{"line":28,"column":15},"end":{"line":29,"column":null}}],"line":27},"1":{"loc":{"start":{"line":28,"column":15},"end":{"line":29,"column":null}},"type":"if","locations":[{"start":{"line":28,"column":15},"end":{"line":29,"column":null}},{"start":{},"end":{}}],"line":28},"2":{"loc":{"start":{"line":28,"column":15},"end":{"line":28,"column":null}},"type":"binary-expr","locations":[{"start":{"line":28,"column":15},"end":{"line":28,"column":22}},{"start":{"line":28,"column":22},"end":{"line":28,"column":null}}],"line":28},"3":{"loc":{"start":{"line":37,"column":2},"end":{"line":37,"column":null}},"type":"default-arg","locations":[{"start":{"line":37,"column":14},"end":{"line":37,"column":null}}],"line":37},"4":{"loc":{"start":{"line":38,"column":2},"end":{"line":38,"column":null}},"type":"default-arg","locations":[{"start":{"line":38,"column":12},"end":{"line":38,"column":null}}],"line":38},"5":{"loc":{"start":{"line":48,"column":4},"end":{"line":48,"column":null}},"type":"if","locations":[{"start":{"line":48,"column":4},"end":{"line":48,"column":null}},{"start":{},"end":{}}],"line":48},"6":{"loc":{"start":{"line":49,"column":4},"end":{"line":61,"column":null}},"type":"switch","locations":[{"start":{"line":50,"column":6},"end":{"line":52,"column":null}},{"start":{"line":53,"column":6},"end":{"line":55,"column":null}},{"start":{"line":56,"column":6},"end":{"line":58,"column":null}},{"start":{"line":59,"column":6},"end":{"line":61,"column":null}}],"line":49},"7":{"loc":{"start":{"line":80,"column":4},"end":{"line":80,"column":null}},"type":"if","locations":[{"start":{"line":80,"column":4},"end":{"line":80,"column":null}},{"start":{},"end":{}}],"line":80},"8":{"loc":{"start":{"line":110,"column":6},"end":{"line":110,"column":null}},"type":"if","locations":[{"start":{"line":110,"column":6},"end":{"line":110,"column":null}},{"start":{},"end":{}}],"line":110},"9":{"loc":{"start":{"line":124,"column":8},"end":{"line":124,"column":null}},"type":"cond-expr","locations":[{"start":{"line":124,"column":18},"end":{"line":124,"column":35}},{"start":{"line":124,"column":35},"end":{"line":124,"column":null}}],"line":124}},"s":{"0":42,"1":84,"2":168,"3":0,"4":168,"5":84,"6":42,"7":42,"8":42,"9":42,"10":42,"11":42,"12":14,"13":14,"14":0,"15":14,"16":11,"17":11,"18":1,"19":1,"20":1,"21":1,"22":1,"23":1,"24":42,"25":18,"26":18,"27":14,"28":14,"29":42,"30":7,"31":7,"32":42,"33":42,"34":28,"35":14,"36":0,"37":14,"38":14,"39":14,"40":14,"41":14,"42":42,"43":14,"44":14,"45":3,"46":3,"47":4,"48":4,"49":2,"50":2,"51":2,"52":2,"53":2,"54":42,"55":42,"56":1},"f":{"0":42,"1":84,"2":42,"3":14,"4":18,"5":14,"6":7,"7":42,"8":0,"9":14,"10":14,"11":3,"12":4,"13":2,"14":2},"b":{"0":[0,168],"1":[84,84],"2":[168,84],"3":[42],"4":[42],"5":[0,14],"6":[11,1,1,1],"7":[28,14],"8":[2,0],"9":[14,28]},"meta":{"lastBranch":10,"lastFunction":15,"lastStatement":57,"seen":{"f:24:9:24:22":0,"s:25:2:29:Infinity":0,"f:25:2:25:10":1,"s:26:4:29:Infinity":1,"b:27:6:29:Infinity:28:15:29:Infinity":0,"s:27:6:29:Infinity":2,"s:27:37:27:Infinity":3,"b:28:15:29:Infinity:undefined:undefined:undefined:undefined":1,"s:28:15:29:Infinity":4,"b:28:15:28:22:28:22:28:Infinity":2,"s:29:9:29:Infinity":5,"f:34:16:34:24":2,"b:37:14:37:Infinity":3,"b:38:12:38:Infinity":4,"s:40:8:40:27":6,"s:41:8:41:46":7,"s:42:8:42:80":8,"s:43:18:43:47":9,"s:44:17:44:59":10,"s:46:8:63:17":11,"f:46:24:46:42":3,"s:47:17:47:60":12,"b:48:4:48:Infinity:undefined:undefined:undefined:undefined":5,"s:48:4:48:Infinity":13,"s:48:15:48:Infinity":14,"b:50:6:52:Infinity:53:6:55:Infinity:56:6:58:Infinity:59:6:61:Infinity":6,"s:49:4:61:Infinity":15,"s:51:8:51:Infinity":16,"s:52:8:52:Infinity":17,"s:54:8:54:Infinity":18,"s:55:8:55:Infinity":19,"s:57:8:57:Infinity":20,"s:58:8:58:Infinity":21,"s:60:8:60:Infinity":22,"s:61:8:61:Infinity":23,"s:65:8:71:30":24,"f:65:15:65:33":4,"s:66:4:66:Infinity":25,"s:67:4:70:Infinity":26,"f:67:24:67:41":5,"s:68:6:68:Infinity":27,"s:69:6:69:Infinity":28,"s:73:8:76:8":29,"f:73:15:73:33":6,"s:74:4:74:Infinity":30,"s:75:4:75:Infinity":31,"s:79:2:88:Infinity":32,"f:79:2:79:18":7,"b:80:4:80:Infinity:undefined:undefined:undefined:undefined":7,"s:80:4:80:Infinity":33,"s:80:18:80:Infinity":34,"s:81:10:81:40":35,"f:81:10:81:25":8,"s:81:25:81:40":36,"s:82:4:82:Infinity":37,"s:83:4:83:Infinity":38,"s:84:4:86:Infinity":39,"f:84:4:84:17":9,"s:85:6:85:Infinity":40,"s:86:6:86:Infinity":41,"s:90:8:113:4":42,"f:93:4:93:19":10,"s:94:6:94:Infinity":43,"s:95:7:95:Infinity":44,"f:97:4:97:19":11,"s:98:6:98:Infinity":45,"s:99:7:99:Infinity":46,"f:101:4:101:14":12,"s:102:6:102:Infinity":47,"s:103:7:103:Infinity":48,"f:105:4:105:13":13,"s:106:6:106:Infinity":49,"s:107:7:107:Infinity":50,"f:109:4:109:16":14,"b:110:6:110:Infinity:undefined:undefined:undefined:undefined":8,"s:110:6:110:Infinity":51,"s:110:30:110:Infinity":52,"s:111:7:111:Infinity":53,"s:116:4:130:Infinity":54,"b:124:18:124:35:124:35:124:Infinity":9,"s:133:2:137:Infinity":55,"s:141:0:141:Infinity":56}}}
}
